22859.2067072975   -22859.200034504
Total number of readers: 2
Number of data sets: 1
Bias options by reader: 0
Bias options by reader: 1
Sigma options by reader: 2
Sigma options by reader: -1
Total objective function: 22859.2067072975
maximum gradient: -0.00264322969546257
Number of readers:  2
Range of ages:  1  -  64
Reader # 1  Minus/Plus ages:  1  /  50
Number of data sets: 1
Number of lines of data per data set:  249
Number of data points per data set: 5292


# Bias options
#   -X: Mirrored with pattrn X
#   0: Unbiased [0 parameters]
#   1: Linearly proportional to age [1 parameter]
#   2: Michaelis-Menten [3 parameters]

# SD options
#   1: Constant CV [1 parameter]
#   2: SD Michaelis-Menten [3 parameters]
#   3: CV Michaelis-Menten [3 parameters]
#   4: Known perfectly [0 parameters]
#   5: SD spline function of age [variable parameters]
#   6: SD linear piecewise function of age [
      variable parameters
      ]
#   7: SD linear function of age [2 parameters]
#   8: CV linear function of age [2 parameters]
Reader BiasType SigmaType
1   0   2
2   1   -1

Reader Age CV SD Expected age
1   0   0.32993   0.32993   0.5
1   1   0.32993   0.32993   1.5
1   2   0.20879   0.41758   2.5
1   3   0.16883   0.50649   3.5
1   4   0.14917   0.59668   4.5
1   5   0.13763   0.68816   5.5
1   6   0.13016   0.78095   6.5
1   7   0.12501   0.87508   7.5
1   8   0.12132   0.97055   8.5
1   9   0.1186   1.0674   9.5
1   10   0.11656   1.16563   10.5
1   11   0.11503   1.26528   11.5
1   12   0.11386   1.36635   12.5
1   13   0.11299   1.46888   13.5
1   14   0.11235   1.57287   14.5
1   15   0.11189   1.67836   15.5
1   16   0.11159   1.78536   16.5
1   17   0.11141   1.8939   17.5
1   18   0.11133   2.00399   18.5
1   19   0.11135   2.11566   19.5
1   20   0.11145   2.22894   20.5
1   21   0.11161   2.34384   21.5
1   22   0.11184   2.46039   22.5
1   23   0.11211   2.57861   23.5
1   24   0.11244   2.69853   24.5
1   25   0.11281   2.82017   25.5
1   26   0.11321   2.94355   26.5
1   27   0.11366   3.0687   27.5
1   28   0.11413   3.19565   28.5
1   29   0.11464   3.32442   29.5
1   30   0.11517   3.45504   30.5
1   31   0.11573   3.58754   31.5
1   32   0.11631   3.72193   32.5
1   33   0.11692   3.85825   33.5
1   34   0.11754   3.99653   34.5
1   35   0.11819   4.13679   35.5
1   36   0.11886   4.27907   36.5
1   37   0.11955   4.42338   37.5
1   38   0.12026   4.56977   38.5
1   39   0.12098   4.71825   39.5
1   40   0.12172   4.86887   40.5
1   41   0.12248   5.02165   41.5
1   42   0.12325   5.17662   42.5
1   43   0.12404   5.33381   43.5
1   44   0.12485   5.49326   44.5
1   45   0.12567   5.655   45.5
1   46   0.1265   5.81906   46.5
1   47   0.12735   5.98547   47.5
1   48   0.12821   6.15427   48.5
1   49   0.12909   6.32549   49.5
1   50   0.12998   6.49917   50.5
1   51   0.13089   6.67534   51.5
1   52   0.13181   6.85403   52.5
1   53   0.13274   7.03529   53.5
1   54   0.13369   7.21916   54.5
1   55   0.13465   7.40566   55.5
1   56   0.13562   7.59483   56.5
1   57   0.13661   7.78672   57.5
1   58   0.13761   7.98137   58.5
1   59   0.13862   8.1788   59.5
1   60   0.13965   8.37907   60.5
1   61   0.14069   8.58221   61.5
1   62   0.14175   8.78827   62.5
1   63   0.14281   8.99728   63.5
1   64   0.1439   9.2093   64.5
2   0   0.32993   0.32993   0.49913
2   1   0.32993   0.32993   1.49739
2   2   0.20879   0.41758   2.49564
2   3   0.16883   0.50649   3.4939
2   4   0.14917   0.59668   4.49216
2   5   0.13763   0.68816   5.49041
2   6   0.13016   0.78095   6.48867
2   7   0.12501   0.87508   7.48693
2   8   0.12132   0.97055   8.48518
2   9   0.1186   1.0674   9.48344
2   10   0.11656   1.16563   10.4817
2   11   0.11503   1.26528   11.47995
2   12   0.11386   1.36635   12.47821
2   13   0.11299   1.46888   13.47647
2   14   0.11235   1.57287   14.47472
2   15   0.11189   1.67836   15.47298
2   16   0.11159   1.78536   16.47124
2   17   0.11141   1.8939   17.46949
2   18   0.11133   2.00399   18.46775
2   19   0.11135   2.11566   19.46601
2   20   0.11145   2.22894   20.46426
2   21   0.11161   2.34384   21.46252
2   22   0.11184   2.46039   22.46078
2   23   0.11211   2.57861   23.45903
2   24   0.11244   2.69853   24.45729
2   25   0.11281   2.82017   25.45555
2   26   0.11321   2.94355   26.4538
2   27   0.11366   3.0687   27.45206
2   28   0.11413   3.19565   28.45032
2   29   0.11464   3.32442   29.44857
2   30   0.11517   3.45504   30.44683
2   31   0.11573   3.58754   31.44509
2   32   0.11631   3.72193   32.44334
2   33   0.11692   3.85825   33.4416
2   34   0.11754   3.99653   34.43986
2   35   0.11819   4.13679   35.43811
2   36   0.11886   4.27907   36.43637
2   37   0.11955   4.42338   37.43463
2   38   0.12026   4.56977   38.43288
2   39   0.12098   4.71825   39.43114
2   40   0.12172   4.86887   40.4294
2   41   0.12248   5.02165   41.42765
2   42   0.12325   5.17662   42.42591
2   43   0.12404   5.33381   43.42417
2   44   0.12485   5.49326   44.42242
2   45   0.12567   5.655   45.42068
2   46   0.1265   5.81906   46.41894
2   47   0.12735   5.98547   47.41719
2   48   0.12821   6.15427   48.41545
2   49   0.12909   6.32549   49.41371
2   50   0.12998   6.49917   50.41196
2   51   0.13089   6.67534   51.41022
2   52   0.13181   6.85403   52.40848
2   53   0.13274   7.03529   53.40673
2   54   0.13369   7.21916   54.40499
2   55   0.13465   7.40566   55.40325
2   56   0.13562   7.59483   56.4015
2   57   0.13661   7.78672   57.39976
2   58   0.13761   7.98137   58.39802
2   59   0.13862   8.1788   59.39627
2   60   0.13965   8.37907   60.39453
2   61   0.14069   8.58221   61.39279
2   62   0.14175   8.78827   62.39104
2   63   0.14281   8.99728   63.3893
2   64   0.1439   9.2093   64.38756

Estimated age-structure by data set
===================================
Age  Data set# 1
Age  0
Age  0.0891178928456561
Age  0.0747313613194987
Age  0.128405210633215
Age  0.122033161870797
Age  0.155431196572046
Age  0.0780426761941414
Age  0.106836485722588
Age  0.0319807053168533
Age  0.0288186776218357
Age  0.0293401578900803
Age  0.00887139959481858
Age  0.0321918572494121
Age  0.00506521163647004
Age  0.0359263692932151
Age  2.30432417368237e-06
Age  1.11021372717815e-05
Age  0.0270090207196697
Age  3.22592116713662e-06
Age  0.000105805134182288
Age  0.00521002608020868
Age  0.0151108807054096
Age  5.38432969958105e-06
Age  4.7382121316207e-07
Age  3.30706421285565e-07
Age  4.51699167020838e-06
Age  0.0120769829930005
Age  0.000777701105878977
Age  7.60558597331443e-07
Age  1.9731838074876e-06
Age  2.13971156680885e-06
Age  0.00627218416582648
Age  3.59393888195213e-05
Age  8.04148023048653e-07
Age  6.60462309144175e-08
Age  7.5090373857742e-08
Age  2.19269997278592e-07
Age  1.46393780929732e-08
Age  7.17673227263039e-07
Age  0.00540769356682515
Age  1.42985375438944e-07
Age  2.53705998243213e-10
Age  2.11102240081044e-07
Age  8.96538906156235e-10
Age  3.58455743603785e-08
Age  2.21715798814279e-08
Age  9.39182798867284e-10
Age  9.37155991542377e-10
Age  2.53708398883437e-10
Age  0.000155726094973346
Age  0.000312323919937617
Age  0.000216242084439192
Age  0.000149718404827739
Age  0.000103659751534009
Age  7.17703618366475e-05
Age  4.96912713173285e-05
Age  3.44044865031112e-05
Age  2.3820454984616e-05
Age  1.64924442520834e-05
Age  1.14187876589152e-05
Age  7.90596649025649e-06
Age  5.47381280851284e-06
Age  3.78987524163756e-06
Age  2.62397616609027e-06
Age  1.81674870047563e-06

Final age-reading error matrices
Matrix for reader#  1
0.934809 0.06518706 3.915645e-06 2.334799e-13 0 0 0 0 0 0 0 0 0 0 0 0 0 0 0 0 0 0 0 0 0 0 0 0 0 0 0 0 0 0 0 0 0 0 0 0 0 0 0 0 0 0 0 0 0 0 0 0 0 0 0 0 0 0 0 0 0 0 0 0 0
0.06519097 0.8696181 0.06518706 3.915645e-06 2.334799e-13 0 0 0 0 0 0 0 0 0 0 0 0 0 0 0 0 0 0 0 0 0 0 0 0 0 0 0 0 0 0 0 0 0 0 0 0 0 0 0 0 0 0 0 0 0 0 0 0 0 0 0 0 0 0 0 0 0 0 0 0
0.0001897134 0.1156688 0.768283 0.1156688 0.0001897104 3.04543e-09 1.110223e-15 0 0 0 0 0 0 0 0 0 0 0 0 0 0 0 0 0 0 0 0 0 0 0 0 0 0 0 0 0 0 0 0 0 0 0 0 0 0 0 0 0 0 0 0 0 0 0 0 0 0 0 0 0 0 0 0 0 0
6.554623e-07 0.001639905 0.160332 0.6760549 0.160332 0.001639905 6.554475e-07 1.487221e-11 0 0 0 0 0 0 0 0 0 0 0 0 0 0 0 0 0 0 0 0 0 0 0 0 0 0 0 0 0 0 0 0 0 0 0 0 0 0 0 0 0 0 0 0 0 0 0 0 0 0 0 0 0 0 0 0 0
5.87861e-09 1.81618e-05 0.006178164 0.1949643 0.5976786 0.1949643 0.006178164 1.81618e-05 5.878317e-09 2.934319e-13 0 0 0 0 0 0 0 0 0 0 0 0 0 0 0 0 0 0 0 0 0 0 0 0 0 0 0 0 0 0 0 0 0 0 0 0 0 0 0 0 0 0 0 0 0 0 0 0 0 0 0 0 0 0 0
1.344564e-10 3.19172e-07 0.000162848 0.01479719 0.2188804 0.5323184 0.2188804 0.01479719 0.000162848 3.19172e-07 1.344408e-10 1.565414e-14 0 0 0 0 0 0 0 0 0 0 0 0 0 0 0 0 0 0 0 0 0 0 0 0 0 0 0 0 0 0 0 0 0 0 0 0 0 0 0 0 0 0 0 0 0 0 0 0 0 0 0 0 0
6.650172e-12 1.023446e-08 5.202248e-06 0.0007461505 0.02700465 0.2333222 0.4778435 0.2333222 0.02700465 0.0007461505 5.202248e-06 1.023446e-08 6.64846e-12 1.665335e-15 0 0 0 0 0 0 0 0 0 0 0 0 0 0 0 0 0 0 0 0 0 0 0 0 0 0 0 0 0 0 0 0 0 0 0 0 0 0 0 0 0 0 0 0 0 0 0 0 0 0 0
6.049582e-13 5.77829e-10 2.421227e-07 3.929854e-05 0.002233062 0.04136514 0.2402868 0.432151 0.2402868 0.04136514 0.002233062 3.929854e-05 2.421227e-07 5.77829e-10 6.046275e-13 3.330669e-16 0 0 0 0 0 0 0 0 0 0 0 0 0 0 0 0 0 0 0 0 0 0 0 0 0 0 0 0 0 0 0 0 0 0 0 0 0 0 0 0 0 0 0 0 0 0 0 0 0
8.87987e-14 5.309014e-11 1.690318e-08 2.599635e-06 0.0001775094 0.005027919 0.05627522 0.2417737 0.3934861 0.2417737 0.05627522 0.005027919 0.0001775094 2.599635e-06 1.690318e-08 5.309009e-11 8.870682e-14 1.110223e-16 0 0 0 0 0 0 0 0 0 0 0 0 0 0 0 0 0 0 0 0 0 0 0 0 0 0 0 0 0 0 0 0 0 0 0 0 0 0 0 0 0 0 0 0 0 0 0
1.90178e-14 7.32568e-12 1.722898e-09 2.290318e-07 1.606894e-05 0.0005608635 0.009286509 0.07044816 0.2394579 0.3604605 0.2394579 0.07044816 0.009286509 0.0005608635 1.606894e-05 2.290318e-07 1.722898e-09 7.325696e-12 1.898481e-14 0 0 0 0 0 0 0 0 0 0 0 0 0 0 0 0 0 0 0 0 0 0 0 0 0 0 0 0 0 0 0 0 0 0 0 0 0 0 0 0 0 0 0 0 0 0
5.504718e-15 1.415367e-12 2.454098e-10 2.696461e-08 1.776329e-06 6.675369e-05 0.001371276 0.01487659 0.08306566 0.2346212 0.3319934 0.2346212 0.08306566 0.01487659 0.001371276 6.675369e-05 1.776329e-06 2.696461e-08 2.454098e-10 1.415312e-12 5.551115e-15 0 0 0 0 0 0 0 0 0 0 0 0 0 0 0 0 0 0 0 0 0 0 0 0 0 0 0 0 0 0 0 0 0 0 0 0 0 0 0 0 0 0 0 0
2.031219e-15 3.613078e-13 4.66846e-11 4.161633e-09 2.447238e-07 9.108652e-06 0.0002068153 0.00277557 0.02145916 0.09373121 0.2281956 0.3072446 0.2281956 0.09373121 0.02145916 0.00277557 0.0002068153 9.108652e-06 2.447238e-07 4.161633e-09 4.668455e-11 3.613776e-13 1.998401e-15 0 0 0 0 0 0 0 0 0 0 0 0 0 0 0 0 0 0 0 0 0 0 0 0 0 0 0 0 0 0 0 0 0 0 0 0 0 0 0 0 0 0
9.134625e-16 1.162528e-13 1.137917e-11 8.195982e-10 4.188192e-08 1.46725e-06 3.415138e-05 0.0005136135 0.0048733 0.02860802 0.102353 0.2208374 0.285558 0.2208374 0.102353 0.02860802 0.0048733 0.0005136135 3.415138e-05 1.46725e-06 4.188192e-08 8.195982e-10 1.137923e-11 1.162404e-13 8.881784e-16 0 0 0 0 0 0 0 0 0 0 0 0 0 0 0 0 0 0 0 0 0 0 0 0 0 0 0 0 0 0 0 0 0 0 0 0 0 0 0 0
4.834301e-16 4.538431e-14 3.428191e-12 2.002694e-10 8.781468e-09 2.809094e-07 6.383967e-06 0.0001006109 0.001076284 0.007672946 0.03590831 0.1090278 0.2129988 0.266417 0.2129988 0.1090278 0.03590831 0.007672946 0.001076284 0.0001006109 6.383967e-06 2.809094e-07 8.781468e-09 2.002694e-10 3.428258e-12 4.540812e-14 4.440892e-16 0 0 0 0 0 0 0 0 0 0 0 0 0 0 0 0 0 0 0 0 0 0 0 0 0 0 0 0 0 0 0 0 0 0 0 0 0 0
2.928998e-16 2.084492e-14 1.238078e-12 5.913427e-11 2.215916e-09 6.361979e-08 1.368435e-06 2.159846e-05 0.0002454673 0.001975528 0.01109858 0.04301444 0.1139514 0.204986 0.2494112 0.204986 0.1139514 0.04301444 0.01109858 0.001975528 0.0002454673 2.159846e-05 1.368435e-06 6.361979e-08 2.215916e-09 5.913425e-11 1.238121e-12 2.076117e-14 3.330669e-16 0 0 0 0 0 0 0 0 0 0 0 0 0 0 0 0 0 0 0 0 0 0 0 0 0 0 0 0 0 0 0 0 0 0 0 0
1.987567e-16 1.098523e-14 5.223619e-13 2.060519e-11 6.605573e-10 1.687127e-08 3.36865e-07 5.165302e-06 5.982974e-05 0.0005157573 0.00326554 0.01501517 0.04967178 0.1173587 0.197002 0.2342113 0.197002 0.1173587 0.04967178 0.01501517 0.00326554 0.0005157573 5.982974e-05 5.165302e-06 3.36865e-07 1.687127e-08 6.605573e-10 2.060518e-11 5.223599e-13 1.099121e-14 2.220446e-16 0 0 0 0 0 0 0 0 0 0 0 0 0 0 0 0 0 0 0 0 0 0 0 0 0 0 0 0 0 0 0 0 0 0
1.484156e-16 6.50787e-15 2.519678e-13 8.298257e-12 2.285076e-10 5.173967e-09 9.479166e-08 1.383904e-06 1.587161e-05 0.0001411221 0.0009612981 0.004964132 0.01925878 0.05571478 0.1194885 0.1891785 0.220551 0.1891785 0.1194885 0.05571478 0.01925878 0.004964132 0.0009612981 0.0001411221 1.587161e-05 1.383904e-06 9.479166e-08 5.173967e-09 2.285075e-10 8.298362e-12 2.519096e-13 6.550316e-15 1.110223e-16 0 0 0 0 0 0 0 0 0 0 0 0 0 0 0 0 0 0 0 0 0 0 0 0 0 0 0 0 0 0 0 0
1.202172e-16 4.261581e-15 1.364523e-13 3.793364e-12 9.024222e-11 1.81129e-09 3.025584e-08 4.151246e-07 4.620719e-06 4.124555e-05 0.0002921219 0.001625942 0.007052177 0.02366256 0.06105325 0.1205634 0.1815978 0.2082128 0.1815978 0.1205634 0.06105325 0.02366256 0.007052177 0.001625942 0.0002921219 4.124555e-05 4.620719e-06 4.151246e-07 3.025584e-08 1.81129e-09 9.024226e-11 3.793299e-12 1.365574e-13 4.218847e-15 1.110223e-16 0 0 0 0 0 0 0 0 0 0 0 0 0 0 0 0 0 0 0 0 0 0 0 0 0 0 0 0 0 0
1.043943e-16 3.041868e-15 8.170303e-14 1.937837e-12 4.009046e-11 7.147856e-10 1.085508e-08 1.388391e-07 1.479584e-06 1.300507e-05 9.339718e-05 0.0005433082 0.002540191 0.009480044 0.02807482 0.06565496 0.1207813 0.1743085 0.1970177 0.1743085 0.1207813 0.06565496 0.02807482 0.009480044 0.002540191 0.0005433082 9.339718e-05 1.300507e-05 1.479584e-06 1.388391e-07 1.085508e-08 7.147855e-10 4.009049e-11 1.937894e-12 8.171241e-14 2.997602e-15 1.110223e-16 0 0 0 0 0 0 0 0 0 0 0 0 0 0 0 0 0 0 0 0 0 0 0 0 0 0 0 0
9.624661e-17 2.339319e-15 5.339541e-14 1.091515e-12 1.977485e-11 3.142511e-10 4.336611e-09 5.146402e-08 5.203285e-07 4.442383e-06 3.176104e-05 0.0001886904 0.0009249177 0.003716941 0.0121775 0.03236891 0.06952883 0.1203126 0.1673365 0.1868168 0.1673365 0.1203126 0.06952883 0.03236891 0.0121775 0.003716941 0.0009249177 0.0001886904 3.176104e-05 4.442383e-06 5.203285e-07 5.146402e-08 4.336611e-09 3.142512e-10 1.977485e-11 1.09146e-12 5.340173e-14 2.331468e-15 1.110223e-16 0 0 0 0 0 0 0 0 0 0 0 0 0 0 0 0 0 0 0 0 0 0 0 0 0 0
9.344801e-17 1.919425e-15 3.767168e-14 6.700872e-13 1.070567e-11 1.522692e-10 1.911426e-09 2.099842e-08 2.002471e-07 1.644817e-06 1.155156e-05 6.888653e-05 0.0003465928 0.001462707 0.005150712 0.01506405 0.03644684 0.07271088 0.1193011 0.1606918 0.1774859 0.1606918 0.1193011 0.07271088 0.03644684 0.01506405 0.005150712 0.001462707 0.0003465928 6.888653e-05 1.155156e-05 1.644817e-06 2.002471e-07 2.099842e-08 1.911426e-09 1.522692e-10 1.070566e-11 6.701306e-13 3.763656e-14 1.887379e-15 1.110223e-16 0 0 0 0 0 0 0 0 0 0 0 0 0 0 0 0 0 0 0 0 0 0 0 0
9.490096e-17 1.666469e-15 2.842568e-14 4.438941e-13 6.297013e-12 8.052864e-11 9.21431e-10 9.364592e-09 8.393549e-08 6.589757e-07 4.502297e-06 2.660537e-05 0.0001352001 0.0005876887 0.002174573 0.006819728 0.01805778 0.04023857 0.07525326 0.1178666 0.1543746 0.1689204 0.1543746 0.1178666 0.07525326 0.04023857 0.01805778 0.006819728 0.002174573 0.0005876887 0.0001352001 2.660537e-05 4.502297e-06 6.589757e-07 8.393549e-08 9.364592e-09 9.21431e-10 8.052858e-11 6.297074e-12 4.438672e-13 2.842171e-14 1.665335e-15 1.110223e-16 0 0 0 0 0 0 0 0 0 0 0 0 0 0 0 0 0 0 0 0 0 0
1.002266e-16 1.520262e-15 2.275695e-14 3.145685e-13 3.988444e-12 4.607794e-11 4.818878e-10 4.533014e-09 3.811705e-08 2.847988e-07 1.879954e-06 1.090364e-05 5.528048e-05 0.0002438136 0.0009313224 0.003068605 0.008689714 0.02108192 0.04369891 0.07721631 0.1161072 0.1483782 0.1610314 0.1483782 0.1161072 0.07721631 0.04369891 0.02108192 0.008689714 0.003068605 0.0009313224 0.0002438136 5.528048e-05 1.090364e-05 1.879954e-06 2.847988e-07 3.811705e-08 4.533014e-09 4.818878e-10 4.607792e-11 3.988476e-12 3.145262e-13 2.275957e-14 1.554312e-15 1.110223e-16 0 0 0 0 0 0 0 0 0 0 0 0 0 0 0 0 0 0 0 0
1.095404e-16 1.448533e-15 1.919699e-14 2.366881e-13 2.699096e-12 2.830377e-11 2.713799e-10 2.365869e-09 1.865165e-08 1.322709e-07 8.395054e-07 4.745511e-06 2.378147e-05 0.0001051972 0.000409093 0.001393388 0.00414267 0.01071835 0.02406894 0.04680335 0.07866302 0.1141032 0.1426916 0.1537433 0.1426916 0.1141032 0.07866302 0.04680335 0.02406894 0.01071835 0.00414267 0.001393388 0.000409093 0.0001051972 2.378147e-05 4.745511e-06 8.395054e-07 1.322709e-07 1.865165e-08 2.365869e-09 2.713798e-10 2.83038e-11 2.699063e-12 2.366995e-13 1.920686e-14 1.44329e-15 1.110223e-16 0 0 0 0 0 0 0 0 0 0 0 0 0 0 0 0 0 0
1.233724e-16 1.434127e-15 1.696225e-14 1.87855e-13 1.938145e-12 1.853424e-11 1.634626e-10 1.323082e-09 9.781336e-09 6.573991e-08 3.998743e-07 2.191807e-06 1.078133e-05 4.740621e-05 0.0001856501 0.000645309 0.00198466 0.005385287 0.01285955 0.02696266 0.04954366 0.07965538 0.1119196 0.1373017 0.1469913 0.1373017 0.1119196 0.07965538 0.04954366 0.02696266 0.01285955 0.005385287 0.00198466 0.000645309 0.0001856501 4.740621e-05 1.078133e-05 2.191807e-06 3.998743e-07 6.573991e-08 9.781336e-09 1.323082e-09 1.634626e-10 1.853429e-11 1.938116e-12 1.878497e-13 1.698641e-14 1.44329e-15 1.110223e-16 0 0 0 0 0 0 0 0 0 0 0 0 0 0 0 0
1.426728e-16 1.468797e-15 1.561784e-14 1.563771e-13 1.467814e-12 1.285831e-11 1.046658e-10 7.882389e-10 5.468989e-09 3.481467e-08 2.025294e-07 1.072534e-06 5.151412e-06 2.236175e-05 8.743888e-05 0.0003070205 0.0009652388 0.002709874 0.006777348 0.01506705 0.02971882 0.05192392 0.08025219 0.109609 0.1321936 0.1407193 0.1321936 0.109609 0.08025219 0.05192392 0.02971882 0.01506705 0.006777348 0.002709874 0.0009652388 0.0003070205 8.743888e-05 2.236175e-05 5.151412e-06 1.072534e-06 2.025294e-07 3.481467e-08 5.468989e-09 7.882389e-10 1.046657e-10 1.285827e-11 1.467826e-12 1.564304e-13 1.554312e-14 1.554312e-15 1.110223e-16 0 0 0 0 0 0 0 0 0 0 0 0 0 0
1.68881e-16 1.550145e-15 1.491732e-14 1.358478e-13 1.166122e-12 9.398608e-12 7.084835e-11 4.976069e-10 3.244211e-09 1.95619e-08 1.08705e-07 5.547939e-07 2.591919e-06 1.104953e-05 4.28541e-05 0.0001507762 0.0004799652 0.001378957 0.003567558 0.008294266 0.01729715 0.03230449 0.05395697 0.08050772 0.1072134 0.1273522 0.1348789 0.1273522 0.1072134 0.08050772 0.05395697 0.03230449 0.01729715 0.008294266 0.003567558 0.001378957 0.0004799652 0.0001507762 4.28541e-05 1.104953e-05 2.591919e-06 5.547939e-07 1.08705e-07 1.95619e-08 3.244211e-09 4.97607e-10 7.084833e-11 9.398593e-12 1.166178e-12 1.357803e-13 1.498801e-14 1.44329e-15 2.220446e-16 0 0 0 0 0 0 0 0 0 0 0 0
2.040569e-16 1.680184e-15 1.472253e-14 1.226168e-13 9.672648e-13 7.202201e-12 5.044545e-11 3.312447e-10 2.032382e-09 1.161398e-08 6.161727e-08 3.025772e-07 1.371181e-06 5.717974e-06 2.188248e-05 7.665435e-05 0.0002451916 0.0007145193 0.001892978 0.004550501 0.009908176 0.01951055 0.03469704 0.05566156 0.08047123 0.1047663 0.1227621 0.1294278 0.1227621 0.1047663 0.08047123 0.05566156 0.03469704 0.01951055 0.009908176 0.004550501 0.001892978 0.0007145193 0.0002451916 7.665435e-05 2.188248e-05 5.717974e-06 1.371181e-06 3.025772e-07 6.161727e-08 1.161398e-08 2.032382e-09 3.312447e-10 5.044543e-11 7.202239e-12 9.672263e-13 1.225686e-13 1.476597e-14 1.665335e-15 2.220446e-16 0 0 0 0 0 0 0 0 0 0
2.510828e-16 1.864809e-15 1.496211e-14 1.145455e-13 8.341568e-13 5.760619e-12 3.761168e-11 2.31476e-10 1.338868e-09 7.257089e-09 3.675817e-08 1.73508e-07 7.612099e-07 3.095963e-06 1.164463e-05 4.04088e-05 0.0001290867 0.0003788202 0.001019253 0.002509816 0.005646668 0.01158993 0.02167339 0.03688263 0.05706012 0.08018672 0.1022945 0.1184084 0.124329 0.1184084 0.1022945 0.08018672 0.05706012 0.03688263 0.02167339 0.01158993 0.005646668 0.002509816 0.001019253 0.0003788202 0.0001290867 4.04088e-05 1.164463e-05 3.095963e-06 7.612099e-07 1.73508e-07 3.675817e-08 7.257089e-09 1.338868e-09 2.314759e-10 3.761169e-11 5.760614e-12 8.341106e-13 1.14575e-13 1.498801e-14 1.887379e-15 2.220446e-16 0 0 0 0 0 0 0 0
3.139553e-16 2.113877e-15 1.560982e-14 1.103683e-13 7.451193e-13 4.790242e-12 2.924592e-11 1.691179e-10 9.238227e-10 4.7549e-09 2.300126e-08 1.043159e-07 4.424881e-07 1.751464e-06 6.454832e-06 2.210183e-05 7.016991e-05 0.0002061672 0.0005595649 0.001400594 0.003227959 0.006840354 0.01331078 0.02375768 0.03885473 0.05817702 0.07969315 0.09981908 0.1142767 0.1195503 0.1142767 0.09981908 0.07969315 0.05817702 0.03885473 0.02375768 0.01331078 0.006840354 0.003227959 0.001400594 0.0005595649 0.0002061672 7.016991e-05 2.210183e-05 6.454832e-06 1.751464e-06 4.424881e-07 1.043159e-07 2.300126e-08 4.7549e-09 9.238227e-10 1.691178e-10 2.924594e-11 4.790279e-12 7.450707e-13 1.104672e-13 1.554312e-14 2.109424e-15 3.330669e-16 0 0 0 0 0 0
3.982012e-16 2.441741e-15 1.667346e-14 1.093513e-13 6.871176e-13 4.126582e-12 2.362953e-11 1.287034e-10 6.652342e-10 3.255416e-09 1.504886e-08 6.557027e-08 2.687098e-07 1.033544e-06 3.723665e-06 1.254208e-05 3.942067e-05 0.0001154172 0.0003142589 0.0007945063 0.001862378 0.004042171 0.008113414 0.0150436 0.02574124 0.04061261 0.05903729 0.07902473 0.09735653 0.1103533 0.1150629 0.1103533 0.09735653 0.07902473 0.05903729 0.04061261 0.02574124 0.0150436 0.008113414 0.004042171 0.001862378 0.0007945063 0.0003142589 0.0001154172 3.942067e-05 1.254208e-05 3.723665e-06 1.033544e-06 2.687098e-07 6.557027e-08 1.504886e-08 3.255416e-09 6.652343e-10 1.287033e-10 2.362954e-11 4.126588e-12 6.87117e-13 1.09357e-13 1.665335e-14 2.442491e-15 4.440892e-16 0 0 0 0
5.114605e-16 2.868238e-15 1.819016e-14 1.11106e-13 6.521819e-13 3.671009e-12 1.977204e-11 1.016812e-10 4.982414e-10 2.321398e-09 1.026334e-08 4.297296e-08 1.700704e-07 6.349986e-07 2.232737e-06 7.380091e-06 2.289362e-05 6.654228e-05 0.0001809457 0.0004596632 0.001089392 0.002405655 0.00494404 0.009446426 0.0167638 0.02760737 0.04216008 0.05966575 0.07821126 0.09491974 0.1066252 0.1108416 0.1066252 0.09491974 0.07821126 0.05966575 0.04216008 0.02760737 0.0167638 0.009446426 0.00494404 0.002405655 0.001089392 0.0004596632 0.0001809457 6.654228e-05 2.289362e-05 7.380091e-06 2.232737e-06 6.349986e-07 1.700704e-07 4.297296e-08 1.026334e-08 2.321398e-09 4.982413e-10 1.016812e-10 1.977207e-11 3.671063e-12 6.52145e-13 1.111333e-13 1.820766e-14 2.775558e-15 4.440892e-16 1.110223e-16 0
6.643044e-16 3.420153e-15 2.022572e-14 1.154867e-13 6.354464e-13 3.362781e-12 1.708251e-11 8.313959e-11 3.869433e-10 1.718948e-09 7.275477e-09 2.928647e-08 1.119236e-07 4.054036e-07 1.38947e-06 4.498992e-06 1.374104e-05 3.952979e-05 0.0001069599 0.000271851 0.0006482001 0.001448252 0.003028727 0.005922671 0.01081971 0.0184498 0.02934433 0.04350427 0.06008634 0.0772786 0.09251857 0.1030801 0.1068638 0.1030801 0.09251857 0.0772786 0.06008634 0.04350427 0.02934433 0.0184498 0.01081971 0.005922671 0.003028727 0.001448252 0.0006482001 0.000271851 0.0001069599 3.952979e-05 1.374104e-05 4.498992e-06 1.38947e-06 4.054036e-07 1.119236e-07 2.928647e-08 7.275477e-09 1.718948e-09 3.869434e-10 8.31395e-11 1.708256e-11 3.362755e-12 6.354917e-13 1.154632e-13 2.020606e-14 3.441691e-15 6.661338e-16
8.713794e-16 4.133282e-15 2.287713e-14 1.225362e-13 6.340449e-13 3.163794e-12 1.519761e-11 7.015766e-11 3.107207e-10 1.318057e-09 5.346297e-09 2.070267e-08 7.641341e-08 2.684202e-07 8.960132e-07 2.838173e-06 8.518869e-06 2.419693e-05 6.495544e-05 0.0001645945 0.0003932372 0.0008848257 0.001873176 0.003727371 0.00696542 0.01221415 0.02008334 0.03094463 0.0446547 0.06032174 0.07624909 0.09016054 0.09970658 0.1031096 0.09970658 0.09016054 0.07624909 0.06032174 0.0446547 0.03094463 0.02008334 0.01221415 0.00696542 0.003727371 0.001873176 0.0008848257 0.0003932372 0.0001645945 6.495544e-05 2.419693e-05 8.518869e-06 2.838173e-06 8.960132e-07 2.684202e-07 7.641341e-08 2.070267e-08 5.346297e-09 1.318057e-09 3.107207e-10 7.015766e-11 1.519762e-11 3.163803e-12 6.340484e-13 1.225686e-13 2.78666e-14
1.153007e-15 5.055236e-15 2.627777e-14 1.324612e-13 6.464789e-13 3.050013e-12 1.38884e-11 6.094445e-11 2.573255e-10 1.043863e-09 4.062296e-09 1.514378e-08 5.400237e-08 1.839509e-07 5.977411e-07 1.850439e-06 5.450469e-06 1.525658e-05 4.053526e-05 0.0001021106 0.0002436154 0.0005499113 0.001173324 0.002364238 0.004495208 0.008058609 0.01361186 0.02164946 0.03240448 0.04562248 0.06039313 0.07514195 0.08785119 0.09649394 0.0995611 0.09649394 0.08785119 0.07514195 0.06039313 0.04562248 0.03240448 0.02164946 0.01361186 0.008058609 0.004495208 0.002364238 0.001173324 0.0005499113 0.0002436154 0.0001021106 4.053526e-05 1.525658e-05 5.450469e-06 1.850439e-06 5.977411e-07 1.839509e-07 5.400237e-08 1.514378e-08 4.062296e-09 1.043863e-09 2.573255e-10 6.094447e-11 1.388833e-11 3.050005e-12 8.11462e-13
1.537419e-15 6.249241e-15 3.060555e-14 1.456274e-13 6.722582e-13 3.00651e-12 1.3008e-11 5.43718e-11 2.192564e-10 8.518338e-10 3.184188e-09 1.143698e-08 3.942139e-08 1.302302e-07 4.118282e-07 1.245158e-06 3.59528e-06 9.902693e-06 2.599063e-05 6.493406e-05 0.0001542731 0.0003482249 0.0007460944 0.001516097 0.002919564 0.005324141 0.009188178 0.01499654 0.02313634 0.03372306 0.04641967 0.06032009 0.07397365 0.08559454 0.09343219 0.09620216 0.09343219 0.08559454 0.07397365 0.06032009 0.04641967 0.03372306 0.02313634 0.01499654 0.009188178 0.005324141 0.002919564 0.001516097 0.0007460944 0.0003482249 0.0001542731 6.493406e-05 2.599063e-05 9.902693e-06 3.59528e-06 1.245158e-06 4.118282e-07 1.302302e-07 3.942139e-08 1.143698e-08 3.184188e-09 8.518338e-10 2.192565e-10 5.437173e-11 1.687084e-11
2.063886e-15 7.799226e-15 3.609423e-14 1.625701e-13 7.117058e-13 3.024543e-12 1.246137e-11 4.971301e-11 1.91792e-10 7.146806e-10 2.569135e-09 8.8989e-09 2.966549e-08 9.5068e-08 2.925487e-07 8.635133e-07 2.442231e-06 6.611581e-06 1.711569e-05 4.232917e-05 9.991813e-05 0.0002249203 0.0004824282 0.0009851788 0.001914058 0.003535517 0.006204832 0.01034023 0.01635385 0.02453515 0.03490196 0.04705877 0.0601205 0.07275829 0.08339337 0.09051204 0.0930184 0.09051204 0.08339337 0.07275829 0.0601205 0.04705877 0.03490196 0.02453515 0.01635385 0.01034023 0.006204832 0.003535517 0.001914058 0.0009851788 0.0004824282 0.0002249203 9.991813e-05 4.232917e-05 1.711569e-05 6.611581e-06 2.442231e-06 8.635133e-07 2.925487e-07 9.5068e-08 2.966549e-08 8.898901e-09 2.569135e-09 7.146806e-10 2.579111e-10
2.787079e-15 9.816636e-15 4.30488e-14 1.840182e-13 7.658693e-13 3.099836e-12 1.218743e-11 4.649202e-11 1.718885e-10 6.152218e-10 2.129389e-09 7.119442e-09 2.2969e-08 7.143162e-08 2.139184e-07 6.162867e-07 1.706374e-06 4.536431e-06 1.156933e-05 2.827975e-05 6.619874e-05 0.0001482792 0.0003175651 0.0006498139 0.001269547 0.002366625 0.004206948 0.007127168 0.01150148 0.01767144 0.02583966 0.03594467 0.04755238 0.05981065 0.07150787 0.08124944 0.08772484 0.0899968 0.08772484 0.08124944 0.07150787 0.05981065 0.04755238 0.03594467 0.02583966 0.01767144 0.01150148 0.007127168 0.004206948 0.002366625 0.001269547 0.0006498139 0.0003175651 0.0001482792 6.619874e-05 2.827975e-05 1.156933e-05 4.536431e-06 1.706374e-06 6.162867e-07 2.139184e-07 7.143162e-08 2.2969e-08 7.119442e-09 2.979284e-09
3.783166e-15 1.244953e-14 5.186584e-14 2.109309e-13 8.365069e-13 3.23156e-12 1.214827e-11 4.439414e-11 1.575435e-10 5.423734e-10 1.80961e-09 5.845643e-09 1.826501e-08 5.514871e-08 1.607588e-07 4.520056e-07 1.22478e-06 3.19554e-06 8.021214e-06 1.93551e-05 4.486141e-05 9.980411e-05 0.0002129667 0.000435579 0.000853362 0.001600463 0.002871802 0.004927507 0.008080683 0.01265955 0.01893902 0.02704597 0.0368561 0.04791289 0.05940523 0.07023261 0.07916375 0.08506257 0.08712561 0.08506257 0.07916375 0.07023261 0.05940523 0.04791289 0.0368561 0.02704597 0.01893902 0.01265955 0.008080683 0.004927507 0.002871802 0.001600463 0.000853362 0.000435579 0.0002129667 9.980411e-05 4.486141e-05 1.93551e-05 8.021214e-06 3.19554e-06 1.22478e-06 4.520056e-07 1.607588e-07 5.514871e-08 2.668107e-08
5.158314e-15 1.589473e-14 6.306026e-14 2.445503e-13 9.261318e-13 3.421799e-12 1.232256e-11 4.321185e-11 1.474197e-10 4.888307e-10 1.574043e-09 4.917455e-09 1.489179e-08 4.367775e-08 1.239686e-07 3.402055e-07 9.019807e-07 2.30854e-06 5.699403e-06 1.356286e-05 3.108796e-05 6.858871e-05 0.000145561 0.0002969577 0.0005820219 0.001095294 0.001978034 0.003426326 0.005689962 0.009054935 0.01380325 0.02014828 0.02815214 0.03764217 0.04815228 0.05891745 0.06894117 0.07713666 0.08251775 0.08439417 0.08251775 0.07713666 0.06894117 0.05891745 0.04815228 0.03764217 0.02815214 0.02014828 0.01380325 0.009054935 0.005689962 0.003426326 0.001978034 0.001095294 0.0005820219 0.0002969577 0.000145561 6.858871e-05 3.108796e-05 1.356286e-05 5.699403e-06 2.30854e-06 9.019807e-07 3.402055e-07 1.897261e-07
7.060532e-15 2.041402e-14 7.73004e-14 2.864704e-13 1.038109e-12 3.675307e-12 1.270154e-11 4.281141e-11 1.406158e-10 4.496926e-10 1.399086e-09 4.231218e-09 1.24288e-08 3.543179e-08 9.795352e-08 2.624103e-07 6.806965e-07 1.708537e-06 4.146563e-06 9.724091e-06 2.202014e-05 4.811991e-05 0.0001014138 0.0002060067 0.0004031194 0.0007594894 0.001376972 0.00240124 0.004025858 0.006486514 0.01003981 0.01492266 0.02129277 0.02915792 0.03830953 0.04828201 0.05835913 0.06764086 0.07516802 0.08008344 0.08179282 0.08008344 0.07516802 0.06764086 0.05835913 0.04828201 0.03830953 0.02915792 0.02129277 0.01492266 0.01003981 0.006486514 0.004025858 0.00240124 0.001376972 0.0007594894 0.0004031194 0.0002060067 0.0001014138 4.811991e-05 2.202014e-05 9.724091e-06 4.146563e-06 1.708537e-06 1.095202e-06
9.696175e-15 2.635572e-14 9.545375e-14 3.387283e-13 1.176804e-12 3.99951e-12 1.328672e-11 4.311199e-11 1.365248e-10 4.216248e-10 1.268859e-09 3.718343e-09 1.060268e-08 2.939667e-08 7.919346e-08 2.071513e-07 5.25773e-07 1.293997e-06 3.086115e-06 7.127915e-06 1.593383e-05 3.445321e-05 7.201859e-05 0.0001454547 0.0002836954 0.0005340735 0.0009699901 0.001698852 0.002868013 0.004665207 0.007309089 0.01102577 0.01600921 0.02236774 0.03006439 0.03886526 0.04831289 0.05774084 0.06633785 0.07325732 0.0777532 0.07931274 0.0777532 0.07325732 0.06633785 0.05774084 0.04831289 0.03886526 0.03006439 0.02236774 0.01600921 0.01102577 0.007309089 0.004665207 0.002868013 0.001698852 0.0009699901 0.0005340735 0.0002836954 0.0001454547 7.201859e-05 3.445321e-05 1.593383e-05 7.127915e-06 5.237836e-06
1.335287e-14 3.418335e-14 1.186467e-13 4.039207e-13 1.347785e-12 4.404685e-12 1.408858e-11 4.407258e-11 1.347447e-10 4.023405e-10 1.172505e-09 3.332566e-09 9.231974e-09 2.491008e-08 6.542425e-08 1.671511e-07 4.151605e-07 1.001832e-06 2.347405e-06 5.337584e-06 1.177121e-05 2.516411e-05 5.21192e-05 0.0001045321 0.0002029207 0.000381088 0.0006920747 0.001214859 0.002060485 0.00337536 0.005338552 0.008149601 0.01200399 0.01705571 0.02336994 0.03087374 0.03931666 0.04825506 0.05707194 0.06503732 0.07140374 0.07552103 0.07694591 0.07552103 0.07140374 0.06503732 0.05707194 0.04825506 0.03931666 0.03087374 0.02336994 0.01705571 0.01200399 0.008149601 0.005338552 0.00337536 0.002060485 0.001214859 0.0006920747 0.000381088 0.0002029207 0.0001045321 5.21192e-05 2.516411e-05 2.114502e-05
1.843135e-14 4.451385e-14 1.483421e-13 4.853555e-13 1.558094e-12 4.904315e-12 1.512619e-11 4.568401e-11 1.350213e-10 3.902714e-10 1.102512e-09 3.042154e-09 8.193959e-09 2.153072e-08 5.515908e-08 1.376944e-07 3.3474e-07 7.920424e-07 1.823063e-06 4.079776e-06 8.872124e-06 1.873948e-05 3.842508e-05 7.64532e-05 0.0001475379 0.0002760262 0.0005004431 0.0008789103 0.001494707 0.00246056 0.003919513 0.006039673 0.009000162 0.01296655 0.01805625 0.02429747 0.03158901 0.03967109 0.04811794 0.05636078 0.06374356 0.06960622 0.07338135 0.074685 0.07338135 0.06960622 0.06374356 0.05636078 0.04811794 0.03967109 0.03158901 0.02429747 0.01805625 0.01296655 0.009000162 0.006039673 0.003919513 0.00246056 0.001494707 0.0008789103 0.0005004431 0.0002760262 0.0001475379 7.64532e-05 7.329362e-05
2.548962e-14 5.816816e-14 1.864404e-13 5.872442e-13 1.816591e-12 5.515608e-12 1.642731e-11 4.796431e-11 1.372119e-10 3.843562e-10 1.053643e-09 2.825026e-09 7.404175e-09 1.8959e-08 4.740255e-08 1.156653e-07 2.752907e-07 6.38769e-07 1.444247e-06 3.180328e-06 6.817539e-06 1.422025e-05 2.884795e-05 5.689343e-05 0.000109035 0.0002029789 0.0003669004 0.0006437192 0.001095826 0.001809412 0.00289698 0.004496094 0.006762149 0.009853259 0.01390642 0.01900618 0.02514955 0.03221386 0.03993581 0.04791027 0.0556147 0.06246018 0.06786355 0.07132897 0.07252327 0.07132897 0.06786355 0.06246018 0.0556147 0.04791027 0.03993581 0.03221386 0.02514955 0.01900618 0.01390642 0.009853259 0.006762149 0.004496094 0.00289698 0.001809412 0.001095826 0.0006437192 0.0003669004 0.0002029789 0.0002215467
3.5304e-14 7.623839e-14 2.354112e-13 7.149485e-13 2.134397e-12 6.260201e-12 1.802915e-11 5.095644e-11 1.412619e-10 3.839025e-10 1.022248e-09 2.665658e-09 6.803632e-09 1.698809e-08 4.147616e-08 9.896665e-08 2.306779e-07 5.249818e-07 1.166012e-06 2.526303e-06 5.337041e-06 1.09891e-05 2.204392e-05 4.306313e-05 8.189228e-05 0.0001515434 0.0002727915 0.0004774996 0.0008124922 0.001343481 0.00215814 0.00336697 0.005100281 0.007499547 0.01070189 0.01481754 0.01990198 0.0259264 0.03275245 0.04011793 0.04764006 0.05484022 0.06119014 0.06617437 0.06935906 0.07045456 0.06935906 0.06617437 0.06119014 0.05484022 0.04764006 0.04011793 0.03275245 0.0259264 0.01990198 0.01481754 0.01070189 0.007499547 0.005100281 0.00336697 0.00215814 0.001343481 0.0008124922 0.0004774996 0.0005922769
4.895352e-14 1.001767e-13 2.984629e-13 8.752957e-13 2.525447e-12 7.165074e-12 1.997943e-11 5.472782e-11 1.471908e-10 3.884968e-10 1.005813e-09 2.553066e-09 6.350611e-09 1.547302e-08 3.690971e-08 8.616204e-08 1.96747e-07 4.392663e-07 9.584954e-07 2.043212e-06 4.253252e-06 8.642535e-06 1.713586e-05 3.314e-05 6.249192e-05 0.0001148597 0.0002057011 0.0003588312 0.0006095266 0.001007894 0.001621933 0.002539394 0.00386719 0.005726971 0.008245575 0.01153964 0.01569479 0.02074116 0.02662901 0.03320923 0.0402243 0.04731467 0.05404304 0.05993586 0.06453724 0.06746711 0.0684732 0.06746711 0.06453724 0.05993586 0.05404304 0.04731467 0.0402243 0.03320923 0.02662901 0.02074116 0.01569479 0.01153964 0.008245575 0.005726971 0.00386719 0.002539394 0.001621933 0.001007894 0.001418369
6.79362e-14 1.319125e-13 3.797643e-13 1.076979e-12 3.007194e-12 8.263703e-12 2.23381e-11 5.93713e-11 1.550843e-10 3.979465e-10 1.002658e-09 2.479483e-09 6.015338e-09 1.431078e-08 3.337236e-08 7.625185e-08 1.70638e-07 3.738427e-07 8.015282e-07 1.681119e-06 3.447975e-06 6.912845e-06 1.35432e-05 2.591831e-05 4.843582e-05 8.83608e-05 0.0001573073 0.0002732135 0.0004627996 0.0007643632 0.00123057 0.001930643 0.002951086 0.004393864 0.00637093 0.008994213 0.01236079 0.01653395 0.02152215 0.02725904 0.03358885 0.04026148 0.04694084 0.05322822 0.05869931 0.06295069 0.06564893 0.06657398 0.06564893 0.06295069 0.05869931 0.05322822 0.04694084 0.04026148 0.03358885 0.02725904 0.02152215 0.01653395 0.01236079 0.008994213 0.00637093 0.004393864 0.002951086 0.001930643 0.003078034
9.432909e-14 1.740076e-13 4.847301e-13 1.331067e-12 3.601484e-12 9.597508e-12 2.517947e-11 6.500734e-11 1.650914e-10 4.122421e-10 1.011738e-09 2.439473e-09 5.776456e-09 1.342744e-08 3.062821e-08 6.852998e-08 1.50351e-07 3.233238e-07 6.81267e-07 1.406018e-06 2.841233e-06 5.619766e-06 1.08763e-05 2.058996e-05 3.811585e-05 6.897626e-05 0.000121986 0.0002107723 0.0003557063 0.0005861789 0.0009430185 0.001480667 0.002268517 0.003390627 0.004942907 0.007026926 0.009739808 0.01316026 0.01733167 0.02224418 0.02781865 0.03389606 0.04023566 0.04652467 0.05240016 0.05748207 0.06141316 0.06390059 0.06475208 0.06390059 0.06141316 0.05748207 0.05240016 0.04652467 0.04023566 0.03389606 0.02781865 0.02224418 0.01733167 0.01316026 0.009739808 0.007026926 0.004942907 0.003390627 0.006116548
1.310078e-13 2.298599e-13 6.203899e-13 1.651656e-12 4.335664e-12 1.121766e-11 2.859496e-11 7.178749e-11 1.774243e-10 4.315356e-10 1.032513e-09 2.429337e-09 5.618664e-09 1.276948e-08 2.850705e-08 6.249094e-08 1.344671e-07 2.839235e-07 5.880674e-07 1.194402e-06 2.37811e-06 4.64018e-06 8.870049e-06 1.660641e-05 3.04409e-05 5.461963e-05 9.590268e-05 0.000164736 0.0002767649 0.0004546651 0.000730176 0.001146095 0.00175783 0.002633947 0.003855019 0.005510043 0.007689842 0.01047715 0.01393372 0.01808541 0.02290717 0.02831041 0.03413559 0.04015273 0.04607172 0.05156273 0.05628537 0.05992312 0.06221845 0.06300306 0.06221845 0.05992312 0.05628537 0.05156273 0.04607172 0.04015273 0.03413559 0.02831041 0.02290717 0.01808541 0.01393372 0.01047715 0.007689842 0.005510043 0.01123501
1.819473e-13 3.039711e-13 7.958656e-13 2.056687e-12 5.24396e-12 1.318731e-11 3.269654e-11 7.989902e-11 1.923628e-10 4.561295e-10 1.064858e-09 2.446708e-09 5.531107e-09 1.229803e-08 2.688494e-08 5.776846e-08 1.219667e-07 2.529436e-07 5.151139e-07 1.029788e-06 2.02036e-06 3.888829e-06 7.341672e-06 1.359053e-05 2.466188e-05 4.38581e-05 7.641818e-05 0.0001304246 0.0002179891 0.0003567157 0.0005713808 0.0008956793 0.001373771 0.002061231 0.003024885 0.004340952 0.006090918 0.008354771 0.01120152 0.01467748 0.01879331 0.02351163 0.0287372 0.03431215 0.04001817 0.04558702 0.05071931 0.05511019 0.05847903 0.06059907 0.06132281 0.06059907 0.05847903 0.05511019 0.05071931 0.04558702 0.04001817 0.03431215 0.0287372 0.02351163 0.01879331 0.01467748 0.01120152 0.008354771 0.01923775
2.526328e-13 4.022981e-13 1.022985e-12 2.568995e-12 6.369198e-12 1.558434e-11 3.762099e-11 8.957093e-11 2.102602e-10 4.864742e-10 1.109011e-09 2.490276e-09 5.506285e-09 1.198491e-08 2.567103e-08 5.409451e-08 1.121078e-07 2.284361e-07 4.575253e-07 9.004612e-07 1.740984e-06 3.30588e-06 6.163499e-06 1.127986e-05 2.02585e-05 3.5697e-05 6.169839e-05 0.0001045764 0.0001737857 0.0002830882 0.0004519246 0.0007069035 0.00108323 0.001625803 0.002389601 0.00343891 0.004844906 0.006681197 0.009017093 0.01190872 0.01538853 0.0194542 0.02405854 0.02910207 0.03443031 0.03983712 0.04507512 0.04987282 0.05395724 0.05707935 0.05903926 0.05970751 0.05903926 0.05707935 0.05395724 0.04987282 0.04507512 0.03983712 0.03443031 0.02910207 0.02405854 0.0194542 0.01538853 0.01190872 0.03094296
3.506192e-13 5.327117e-13 1.31707e-12 3.217629e-12 7.764958e-12 1.85048e-11 4.353506e-11 1.010814e-10 2.315527e-10 5.231729e-10 1.165545e-09 2.55961e-09 5.53929e-09 1.180989e-08 2.479854e-08 5.12713e-08 1.04345e-07 2.089779e-07 4.117616e-07 7.979853e-07 1.520675e-06 2.8488e-06 5.245236e-06 9.489467e-06 1.686518e-05 2.943836e-05 5.045608e-05 8.489801e-05 0.0001402087 0.000227226 0.0003612953 0.0005635158 0.000862007 0.001293008 0.001901538 0.002741282 0.003873306 0.00536324 0.007276651 0.009672525 0.01259507 0.01606447 0.02006747 0.0245493 0.02940825 0.03449451 0.03961435 0.04454011 0.04902584 0.05282703 0.05572256 0.05753603 0.05815363 0.05753603 0.05572256 0.05282703 0.04902584 0.04454011 0.03961435 0.03449451 0.02940825 0.0245493 0.02006747 0.01606447 0.04707326
4.862926e-13 7.055963e-13 1.697953e-12 4.039517e-12 9.498252e-12 2.206707e-11 5.064189e-11 1.147671e-10 2.567713e-10 5.669923e-10 1.235352e-09 2.655035e-09 5.627287e-09 1.175879e-08 2.421853e-08 4.915215e-08 9.827361e-08 1.935185e-07 3.752259e-07 7.162141e-07 1.345457e-06 2.486986e-06 4.522246e-06 8.087532e-06 1.422213e-05 2.458713e-05 4.177883e-05 6.976261e-05 0.0001144518 0.000184448 0.0002919425 0.0004537494 0.0006923991 0.001037164 0.001524829 0.002199946 0.003114283 0.004325142 0.005892273 0.007873226 0.01031716 0.01325743 0.01670346 0.02063299 0.02498561 0.02965901 0.03450903 0.03935428 0.04398569 0.04818057 0.0517199 0.05440719 0.05608658 0.0566579 0.05608658 0.05440719 0.0517199 0.04818057 0.04398569 0.03935428 0.03450903 0.02965901 0.02498561 0.02063299 0.06815018
6.739007e-13 9.3463e-13 2.191271e-12 5.081579e-12 1.165286e-11 2.641702e-11 5.918869e-11 1.310343e-10 2.865569e-10 6.18879e-10 1.319653e-09 2.777568e-09 5.769163e-09 1.18222e-08 2.38955e-08 4.762807e-08 9.359164e-08 1.81275e-07 3.459925e-07 6.506183e-07 1.205095e-06 2.198156e-06 3.947717e-06 6.979012e-06 1.214269e-05 2.078849e-05 3.501344e-05 5.800549e-05 9.450328e-05 0.000151388 0.0002384121 0.0003690503 0.000561428 0.0008392412 0.001232536 0.001778158 0.002519654 0.003506344 0.00479135 0.006428364 0.008467096 0.01094751 0.01389314 0.01730421 0.02115109 0.02536943 0.02985767 0.03447794 0.039061 0.04341518 0.04733893 0.05063604 0.05313178 0.05468828 0.05521725 0.05468828 0.05313178 0.05063604 0.04733893 0.04341518 0.039061 0.03447794 0.02985767 0.02536943 0.09441512
9.329475e-13 1.237797e-12 2.830128e-12 6.403375e-12 1.433348e-11 3.173431e-11 6.947619e-11 1.503725e-10 3.216793e-10 6.799825e-10 1.420008e-09 2.928882e-09 5.965292e-09 1.19945e-08 2.380432e-08 4.66184e-08 9.007251e-08 1.716594e-07 3.226202e-07 5.978252e-07 1.092011e-06 1.965909e-06 3.487369e-06 6.094627e-06 1.049131e-05 1.778547e-05 2.968772e-05 4.878519e-05 7.890874e-05 0.0001256077 0.0001967398 0.0003031692 0.000459547 0.0006851156 0.001004445 0.001447967 0.002052132 0.002858993 0.003914993 0.005268787 0.006967969 0.009054711 0.01156046 0.01450007 0.01786587 0.02162244 0.02570291 0.0300075 0.03440511 0.03873829 0.04283154 0.04650257 0.04957552 0.05189491 0.05333866 0.05382884 0.05333866 0.05189491 0.04957552 0.04650257 0.04283154 0.03873829 0.03440511 0.0300075 0.1257915
1.290072e-12 1.6387e-12 3.657207e-12 8.080442e-12 1.767087e-11 3.82402e-11 8.187002e-11 1.733707e-10 3.630591e-10 7.516831e-10 1.538346e-09 3.111304e-09 6.217387e-09 1.227324e-08 2.392804e-08 4.606407e-08 8.754625e-08 1.642278e-07 3.040216e-07 5.552998e-07 1.000538e-06 1.778043e-06 3.115833e-06 5.383338e-06 9.168513e-06 1.53901e-05 2.545699e-05 4.14882e-05 6.660784e-05 0.0001053276 0.0001640248 0.0002515155 0.0003797049 0.0005642802 0.0008253794 0.00118814 0.001682998 0.002345587 0.00321605 0.004337617 0.005754307 0.007507698 0.009632818 0.01215335 0.0150765 0.01838801 0.02204802 0.02598831 0.03011173 0.0342942 0.03838959 0.04223743 0.04567289 0.0485383 0.05069521 0.0520354 0.05249001 0.0520354 0.05069521 0.0485383 0.04567289 0.04223743 0.03838959 0.0342942 0.161892
1.781572e-12 2.168254e-12 4.727463e-12 1.020848e-11 2.182817e-11 4.620694e-11 9.681452e-11 2.007373e-10 4.117952e-10 8.35627e-10 1.677006e-09 3.327835e-09 6.528428e-09 1.265875e-08 2.425633e-08 4.592288e-08 8.588591e-08 1.586439e-07 2.893708e-07 5.211207e-07 9.263984e-07 1.625392e-06 2.814142e-06 4.807164e-06 8.100583e-06 1.346353e-05 2.206728e-05 3.566321e-05 5.682101e-05 8.92384e-05 0.0001381299 0.0002106968 0.0003166682 0.000468891 0.0006839217 0.0009825533 0.001390181 0.001936884 0.002657098 0.003588716 0.004771515 0.006244815 0.008044355 0.01019849 0.01272389 0.01562115 0.01887059 0.02242906 0.026228 0.03017353 0.03414866 0.0380181 0.04163525 0.04485109 0.04752427 0.04953135 0.05077634 0.0511983 0.05077634 0.04953135 0.04752427 0.04485109 0.04163525 0.0380181 0.2020645
2.45679e-12 2.866869e-12 6.11154e-12 1.290857e-11 2.700886e-11 5.596943e-11 1.148494e-10 2.33323e-10 4.691966e-10 9.33769e-10 1.838784e-09 3.582192e-09 6.902633e-09 1.315377e-08 2.47844e-08 4.616604e-08 8.499778e-08 1.546533e-07 2.780379e-07 4.938215e-07 8.66336e-07 1.501009e-06 2.567984e-06 4.337569e-06 7.232349e-06 1.190219e-05 1.932973e-05 3.097522e-05 4.897028e-05 7.636979e-05 0.0001174693 0.0001781907 0.0002665324 0.0003930674 0.0005714592 0.0008189472 0.00115673 0.001610155 0.002208615 0.002985018 0.00397474 0.005213955 0.006737311 0.008574968 0.01074912 0.0132702 0.01613312 0.01931385 0.02276697 0.02642439 0.03019594 0.03397172 0.03762671 0.0410271 0.0440382 0.04653321 0.04840204 0.04955942 0.04995137 0.04955942 0.04840204 0.04653321 0.0440382 0.0410271 0.2454643
3.382631e-12 3.787252e-12 7.900095e-12 1.633378e-11 3.346638e-11 6.79393e-11 1.366301e-10 2.721498e-10 5.368213e-10 1.048422e-09 2.026996e-09 3.878871e-09 7.345485e-09 1.37634e-08 2.551228e-08 4.677572e-08 8.481435e-08 1.520641e-07 2.695411e-07 4.722769e-07 8.178547e-07 1.399582e-06 2.366463e-06 3.952916e-06 6.522147e-06 1.062817e-05 1.710262e-05 2.717347e-05 4.262359e-05 6.599669e-05 0.0001008575 0.0001521094 0.000226368 0.0003323809 0.0004814726 0.0006879795 0.000969624 0.001347759 0.0018474 0.00249695 0.003327522 0.004371778 0.005662221 0.007228933 0.009096816 0.01128244 0.01379075 0.01661186 0.01971833 0.02306333 0.02657991 0.0301819 0.03376641 0.03721807 0.04041488 0.04323508 0.04556489 0.04730604 0.04838273 0.04874708 0.04838273 0.04730604 0.04556489 0.04323508 0.2911377
4.649582e-12 4.997998e-12 1.020926e-11 2.067723e-11 4.151614e-11 8.26221e-11 1.629516e-10 3.184438e-10 6.165215e-10 1.18232e-09 2.245554e-09 4.223233e-09 7.863788e-09 1.449493e-08 2.644428e-08 4.774331e-08 8.528915e-08 1.50734e-07 2.635128e-07 4.556202e-07 7.790288e-07 1.317022e-06 2.201214e-06 3.636661e-06 5.938238e-06 9.582312e-06 1.527869e-05 2.406863e-05 3.74553e-05 5.757322e-05 8.740235e-05 0.0001310304 0.0001939636 0.0002834793 0.0004090067 0.0005825113 0.0008188437 0.001136004 0.001555257 0.00210102 0.00280045 0.003682651 0.004777442 0.006113659 0.00771699 0.009607436 0.0117965 0.01428435 0.01705712 0.02008479 0.02331984 0.02669697 0.03013424 0.03353555 0.03679463 0.03980027 0.04244244 0.04461899 0.04624215 0.04724444 0.04758337 0.04724444 0.04624215 0.04461899 0.3381027
6.379703e-12 6.588169e-12 1.318754e-11 2.618233e-11 5.155019e-11 1.006382e-10 1.94778e-10 3.736757e-10 7.104972e-10 1.338682e-09 2.499053e-09 4.621605e-09 8.465764e-09 1.535794e-08 2.75887e-08 4.906819e-08 8.639305e-08 1.505594e-07 2.596742e-07 4.431832e-07 7.483663e-07 1.25016e-06 2.06577e-06 3.376051e-06 5.45624e-06 8.719327e-06 1.37761e-05 2.151657e-05 3.321805e-05 5.068524e-05 7.642728e-05 0.0001138752 0.0001676404 0.0002438115 0.0003502786 0.000497068 0.0006966609 0.0009642556 0.001317926 0.001778618 0.002369915 0.003117514 0.004048351 0.00518934 0.006565711 0.00819898 0.01010464 0.01228967 0.01475013 0.01746893 0.02041417 0.02353826 0.02677795 0.03005563 0.03328176 0.03635858 0.03918476 0.04166088 0.04369518 0.0452092 0.04614285 0.04645836 0.04614285 0.0452092 0.3854188
8.737204e-12 8.673131e-12 1.702443e-11 3.315532e-11 6.405526e-11 1.227482e-10 2.332774e-10 4.396082e-10 8.213601e-10 1.521303e-09 2.792879e-09 5.081404e-09 9.161184e-09 1.636431e-08 2.895772e-08 5.075687e-08 8.811155e-08 1.514688e-07 2.578165e-07 4.34452e-07 7.247082e-07 1.196527e-06 1.955097e-06 3.161184e-06 5.057283e-06 8.004274e-06 1.253187e-05 1.940672e-05 2.972247e-05 4.501622e-05 6.741564e-05 9.981987e-05 0.0001461155 0.0002114256 0.0003023861 0.000427435 0.0005970977 0.000824236 0.001124226 0.00151502 0.002017032 0.002652808 0.003446416 0.004422519 0.005605116 0.007015945 0.008672611 0.0105865 0.01276061 0.01518751 0.01784754 0.02070757 0.02372042 0.02682519 0.02994863 0.03300749 0.03591192 0.03856967 0.04089087 0.04279307 0.04420609 0.04507635 0.04537026 0.04507635 0.4322385
1.194239e-11 1.140196e-11 2.196128e-11 4.198088e-11 7.963482e-11 1.498836e-10 2.79864e-10 5.183526e-10 9.52208e-10 1.734645e-09 3.133329e-09 5.61129e-09 9.961532e-09 1.75284e-08 3.056733e-08 5.282251e-08 9.044291e-08 1.534166e-07 2.577873e-07 4.290342e-07 7.071538e-07 1.154194e-06 1.865255e-06 2.98432e-06 4.726652e-06 7.409988e-06 1.14972e-05 1.765361e-05 2.682249e-05 4.032242e-05 5.99701e-05 8.823149e-05 0.0001284026 0.0001848193 0.0002630916 0.0003703534 0.0005155142 0.0007094891 0.0009653807 0.001298576 0.001726719 0.002269506 0.002948277 0.003785342 0.004803035 0.006022478 0.007462079 0.009135809 0.01105135 0.01320825 0.01559615 0.01819342 0.02096621 0.02386817 0.02684096 0.02981566 0.032715 0.03545649 0.03795616 0.04013279 0.04191226 0.04323174 0.04404342 0.04431738 0.4778413
1.629001e-11 1.496678e-11 2.830479e-11 5.314138e-11 9.903598e-11 1.831836e-10 3.362483e-10 6.124356e-10 1.106713e-09 1.983954e-09 3.527753e-09 6.221335e-09 1.08802e-08 1.886723e-08 3.243747e-08 5.528463e-08 9.339675e-08 1.563799e-07 2.594804e-07 4.266343e-07 6.950057e-07 1.121649e-06 1.793149e-06 2.839377e-06 4.452803e-06 6.915205e-06 1.063398e-05 1.619068e-05 2.440465e-05 3.641486e-05 5.3783e-05 7.862019e-05 0.0001137389 0.0001628298 0.0002306609 0.000323292 0.0004482951 0.0006149631 0.0008344856 0.001120065 0.00148694 0.001952276 0.002534893 0.003254785 0.004132423 0.005187797 0.006439234 0.007901996 0.009586725 0.01149781 0.0136318 0.01597596 0.01850721 0.02119141 0.02398337 0.02682745 0.02965898 0.03240636 0.03499392 0.03734527 0.03938696 0.04105234 0.04228513 0.04304262 0.5216491
Matrix for reader#  2
0.9351422 0.06485394 3.869953e-06 2.295941e-13 0 0 0 0 0 0 0 0 0 0 0 0 0 0 0 0 0 0 0 0 0 0 0 0 0 0 0 0 0 0 0 0 0 0 0 0 0 0 0 0 0 0 0 0 0 0 0 0 0 0 0 0 0 0 0 0 0 0 0 0 0
0.06619848 0.8696061 0.06419169 3.780102e-06 2.219336e-13 0 0 0 0 0 0 0 0 0 0 0 0 0 0 0 0 0 0 0 0 0 0 0 0 0 0 0 0 0 0 0 0 0 0 0 0 0 0 0 0 0 0 0 0 0 0 0 0 0 0 0 0 0 0 0 0 0 0 0 0
0.0001971376 0.1177034 0.7682576 0.1136593 0.0001825497 2.876267e-09 1.110223e-15 0 0 0 0 0 0 0 0 0 0 0 0 0 0 0 0 0 0 0 0 0 0 0 0 0 0 0 0 0 0 0 0 0 0 0 0 0 0 0 0 0 0 0 0 0 0 0 0 0 0 0 0 0 0 0 0 0 0
6.939063e-07 0.001703373 0.1632335 0.6760198 0.1574634 0.001578609 6.190678e-07 1.382761e-11 0 0 0 0 0 0 0 0 0 0 0 0 0 0 0 0 0 0 0 0 0 0 0 0 0 0 0 0 0 0 0 0 0 0 0 0 0 0 0 0 0 0 0 0 0 0 0 0 0 0 0 0 0 0 0 0 0
6.31011e-09 1.918238e-05 0.006407281 0.1984417 0.5976379 0.1915203 0.005956361 1.719317e-05 5.475716e-09 2.697842e-13 0 0 0 0 0 0 0 0 0 0 0 0 0 0 0 0 0 0 0 0 0 0 0 0 0 0 0 0 0 0 0 0 0 0 0 0 0 0 0 0 0 0 0 0 0 0 0 0 0 0 0 0 0 0 0
1.458095e-10 3.414412e-07 0.0001714818 0.01531666 0.2226382 0.5322751 0.2151503 0.01429294 0.0001546241 2.983129e-07 1.239584e-10 1.432188e-14 0 0 0 0 0 0 0 0 0 0 0 0 0 0 0 0 0 0 0 0 0 0 0 0 0 0 0 0 0 0 0 0 0 0 0 0 0 0 0 0 0 0 0 0 0 0 0 0 0 0 0 0 0
7.266971e-12 1.105525e-08 5.543956e-06 0.0007832622 0.02789697 0.237126 0.4777996 0.229537 0.02613604 0.0007106712 4.880807e-06 9.473248e-09 6.083467e-12 1.554312e-15 0 0 0 0 0 0 0 0 0 0 0 0 0 0 0 0 0 0 0 0 0 0 0 0 0 0 0 0 0 0 0 0 0 0 0 0 0 0 0 0 0 0 0 0 0 0 0 0 0 0 0
6.648928e-13 6.288119e-10 2.604359e-07 4.17196e-05 0.002337055 0.04264777 0.2439786 0.4321076 0.2366034 0.04011311 0.002133287 3.701132e-05 2.250607e-07 5.309049e-10 5.500045e-13 3.330669e-16 0 0 0 0 0 0 0 0 0 0 0 0 0 0 0 0 0 0 0 0 0 0 0 0 0 0 0 0 0 0 0 0 0 0 0 0 0 0 0 0 0 0 0 0 0 0 0 0 0
9.802678e-14 5.810485e-11 1.831385e-08 2.784517e-06 0.0001877552 0.00524706 0.05791021 0.2452608 0.393444 0.2382853 0.05467488 0.004816947 0.0001677902 2.426595e-06 1.559868e-08 4.850154e-11 8.026912e-14 1.110223e-16 0 0 0 0 0 0 0 0 0 0 0 0 0 0 0 0 0 0 0 0 0 0 0 0 0 0 0 0 0 0 0 0 0 0 0 0 0 0 0 0 0 0 0 0 0 0 0
2.106524e-14 8.053165e-12 1.877305e-09 2.470626e-07 1.714245e-05 0.0005911973 0.009665431 0.07236504 0.2426946 0.36042 0.2362115 0.06856694 0.008920529 0.0005319771 1.505976e-05 2.122796e-07 1.580943e-09 6.663003e-12 1.720846e-14 0 0 0 0 0 0 0 0 0 0 0 0 0 0 0 0 0 0 0 0 0 0 0 0 0 0 0 0 0 0 0 0 0 0 0 0 0 0 0 0 0 0 0 0 0 0
6.11323e-15 1.561287e-12 2.686004e-10 2.925175e-08 1.908114e-06 7.094325e-05 0.001440815 0.01544527 0.08518298 0.2375923 0.3319547 0.2316337 0.08098246 0.01432565 0.001304813 6.279882e-05 1.653334e-06 2.485203e-08 2.241871e-10 1.282863e-12 4.996004e-15 0 0 0 0 0 0 0 0 0 0 0 0 0 0 0 0 0 0 0 0 0 0 0 0 0 0 0 0 0 0 0 0 0 0 0 0 0 0 0 0 0 0 0 0
2.260264e-15 3.996286e-13 5.127668e-11 4.534974e-09 2.643477e-07 9.745414e-06 0.0002190167 0.002907673 0.02222844 0.09597103 0.2309039 0.3072078 0.2254653 0.09152214 0.02071176 0.00264888 0.0001952524 8.511804e-06 2.26515e-07 3.818389e-09 4.249745e-11 3.266276e-13 1.776357e-15 0 0 0 0 0 0 0 0 0 0 0 0 0 0 0 0 0 0 0 0 0 0 0 0 0 0 0 0 0 0 0 0 0 0 0 0 0 0 0 0 0 0
1.018011e-15 1.288512e-13 1.253334e-11 8.963442e-10 4.54446e-08 1.578448e-06 3.640192e-05 0.000542122 0.005091235 0.02957086 0.1046484 0.2232962 0.2855232 0.2183525 0.100084 0.02767001 0.004663629 0.0004864976 3.203334e-05 1.36362e-06 3.859161e-08 7.493012e-10 1.032974e-11 1.049161e-13 7.771561e-16 0 0 0 0 0 0 0 0 0 0 0 0 0 0 0 0 0 0 0 0 0 0 0 0 0 0 0 0 0 0 0 0 0 0 0 0 0 0 0 0
5.393717e-16 5.03836e-14 3.784205e-12 2.19654e-10 9.563294e-09 3.035575e-07 6.841326e-06 0.0001068652 0.001132548 0.007995749 0.03704441 0.1113253 0.2152262 0.266384 0.2107424 0.1067517 0.0347987 0.007361457 0.001022586 9.470226e-05 5.955975e-06 2.599017e-07 8.06215e-09 1.825666e-10 3.105183e-12 4.085621e-14 4.440892e-16 0 0 0 0 0 0 0 0 0 0 0 0 0 0 0 0 0 0 0 0 0 0 0 0 0 0 0 0 0 0 0 0 0 0 0 0 0 0
3.270629e-16 2.316938e-14 1.369002e-12 6.500731e-11 2.420344e-09 6.900223e-08 1.473007e-06 2.306191e-05 0.0002598738 0.0020729 0.0115384 0.0442955 0.1162107 0.207002 0.2493799 0.2029389 0.1117083 0.04176026 0.010673 0.001882297 0.0002318082 2.022363e-05 1.271035e-06 5.864637e-08 2.02841e-09 5.378342e-11 1.119549e-12 1.876277e-14 2.220446e-16 0 0 0 0 0 0 0 0 0 0 0 0 0 0 0 0 0 0 0 0 0 0 0 0 0 0 0 0 0 0 0 0 0 0 0 0
2.220653e-16 1.222128e-14 5.783694e-13 2.269304e-11 7.232217e-10 1.835378e-08 3.639439e-07 5.53954e-06 6.366641e-05 0.0005443635 0.003417475 0.01557637 0.05106619 0.1195511 0.1988266 0.2341817 0.195145 0.1151778 0.04830357 0.01447072 0.003119631 0.0004885442 5.621215e-05 4.81536e-06 3.117408e-07 1.550572e-08 6.032225e-10 1.870659e-11 4.716227e-13 9.880985e-15 2.220446e-16 0 0 0 0 0 0 0 0 0 0 0 0 0 0 0 0 0 0 0 0 0 0 0 0 0 0 0 0 0 0 0 0 0 0
1.658796e-16 7.244802e-15 2.792654e-13 9.152224e-12 2.506663e-10 5.642472e-09 1.027236e-07 1.48962e-06 1.696244e-05 0.0001496936 0.001011736 0.005182408 0.01993853 0.05719103 0.1215946 0.1908309 0.220523 0.1874929 0.1173895 0.05426318 0.01859768 0.004753924 0.000913165 0.000133012 1.484781e-05 1.285434e-06 8.745577e-08 4.743532e-09 2.08274e-10 7.522871e-12 2.272627e-13 5.884182e-15 1.110223e-16 0 0 0 0 0 0 0 0 0 0 0 0 0 0 0 0 0 0 0 0 0 0 0 0 0 0 0 0 0 0 0 0
1.343869e-16 4.746172e-15 1.513476e-13 4.188394e-12 9.914507e-11 1.97926e-09 3.287002e-08 4.482041e-07 4.956267e-06 4.393624e-05 0.0003089417 0.001706729 0.007345574 0.02445228 0.06258216 0.1225711 0.1830957 0.2081863 0.1800664 0.1185587 0.05954685 0.02289275 0.006768881 0.001548619 0.0002761558 3.87113e-05 4.307002e-06 3.844115e-07 2.784446e-08 1.657291e-09 8.212586e-11 3.435141e-12 1.230127e-13 3.774758e-15 1.110223e-16 0 0 0 0 0 0 0 0 0 0 0 0 0 0 0 0 0 0 0 0 0 0 0 0 0 0 0 0 0 0
1.167021e-16 3.388586e-15 9.066886e-14 2.14144e-12 4.409887e-11 7.823364e-10 1.181737e-08 1.502849e-07 1.591887e-06 1.390329e-05 9.918454e-05 0.0005729897 0.002659835 0.009853647 0.02896188 0.06721087 0.122684 0.1756681 0.1969926 0.1729156 0.118878 0.06411905 0.02720825 0.009118411 0.002425361 0.0005150471 8.792823e-05 1.216233e-05 1.374928e-06 1.282407e-07 9.969367e-09 6.529585e-10 3.644074e-11 1.753375e-12 7.360779e-14 2.664535e-15 1.110223e-16 0 0 0 0 0 0 0 0 0 0 0 0 0 0 0 0 0 0 0 0 0 0 0 0 0 0 0 0
1.075829e-16 2.606185e-15 5.927438e-14 1.206936e-12 2.177238e-11 3.443953e-10 4.729029e-09 5.582458e-08 5.612613e-07 4.763674e-06 3.384858e-05 0.0001998047 0.0009729039 0.003883068 0.01263261 0.03333831 0.07109005 0.1221079 0.1685722 0.186793 0.1660676 0.1185137 0.0679849 0.03141996 0.01173595 0.003557081 0.0008790965 0.0001781547 2.979587e-05 4.141913e-06 4.822867e-07 4.743528e-08 3.976062e-09 2.866987e-10 1.795786e-11 9.869883e-13 4.807266e-14 2.109424e-15 1.110223e-16 0 0 0 0 0 0 0 0 0 0 0 0 0 0 0 0 0 0 0 0 0 0 0 0 0 0
1.044326e-16 2.13829e-15 4.182646e-14 7.412555e-13 1.179538e-11 1.67046e-10 2.087248e-09 2.281744e-08 2.164646e-07 1.768322e-06 1.234799e-05 7.319791e-05 0.000366014 0.001534841 0.005369382 0.01559852 0.03748264 0.07425969 0.1209895 0.1618167 0.1774634 0.1595343 0.1176067 0.07117659 0.03543093 0.01454436 0.004939776 0.001393642 0.0003281284 6.481502e-05 1.080424e-05 1.529633e-06 1.852092e-07 1.932091e-08 1.750117e-09 1.387774e-10 9.715229e-12 6.056267e-13 3.397282e-14 1.665335e-15 1.110223e-16 0 0 0 0 0 0 0 0 0 0 0 0 0 0 0 0 0 0 0 0 0 0 0 0
1.060238e-16 1.856191e-15 3.156167e-14 4.911631e-13 6.941486e-12 8.841302e-11 1.007293e-09 1.01904e-08 9.089592e-08 7.099959e-07 4.825089e-06 2.835492e-05 0.0001432629 0.0006190409 0.002276598 0.007095012 0.01866666 0.04132494 0.07677562 0.1194503 0.1554002 0.168899 0.153317 0.1162746 0.07374271 0.03917111 0.01746453 0.006553566 0.002076638 0.0005577981 0.000127563 2.495848e-05 4.200243e-06 6.115023e-07 7.749364e-08 8.604184e-09 8.427478e-10 7.333589e-11 5.711542e-12 4.011236e-13 2.564615e-14 1.44329e-15 1.110223e-16 0 0 0 0 0 0 0 0 0 0 0 0 0 0 0 0 0 0 0 0 0 0
1.1193e-16 1.692898e-15 2.526531e-14 3.481042e-13 4.398119e-12 5.061901e-11 5.272464e-10 4.938493e-09 4.133922e-08 3.074092e-07 2.019138e-06 1.165037e-05 5.87496e-05 0.0002576777 0.0009786621 0.003205694 0.009023543 0.02175815 0.04482088 0.07870143 0.1175901 0.1493148 0.1610111 0.1474103 0.1146142 0.0757404 0.04259457 0.02042176 0.008366244 0.002936693 0.000886071 0.0002306443 5.200506e-05 1.020265e-05 1.750016e-06 2.638012e-07 3.513963e-08 4.160109e-09 4.403595e-10 4.193779e-11 3.61644e-12 2.842171e-13 2.053913e-14 1.332268e-15 1.110223e-16 0 0 0 0 0 0 0 0 0 0 0 0 0 0 0 0 0 0 0 0
1.222751e-16 1.612465e-15 2.130887e-14 2.619175e-13 2.976896e-12 3.110603e-11 2.971204e-10 2.579894e-09 2.0253e-08 1.429897e-07 9.033252e-07 5.081589e-06 2.533794e-05 0.0001115009 0.0004312893 0.001460924 0.004319048 0.01111059 0.02480409 0.04794727 0.08010292 0.1154899 0.1435483 0.1537241 0.1418046 0.1127051 0.07722989 0.04567553 0.02334992 0.0103375 0.003972568 0.00132867 0.0003879527 9.922843e-05 2.231593e-05 4.430765e-06 7.800428e-07 1.223328e-07 1.717387e-08 2.169233e-09 2.478298e-10 2.575007e-11 2.446821e-12 2.1394e-13 1.720846e-14 1.332268e-15 1.110223e-16 0 0 0 0 0 0 0 0 0 0 0 0 0 0 0 0 0 0
1.376431e-16 1.595755e-15 1.882296e-14 2.078539e-13 2.137756e-12 2.037462e-11 1.790541e-10 1.443823e-09 1.063161e-08 7.115711e-08 4.309425e-07 2.351399e-06 1.151198e-05 5.037283e-05 0.0001962791 0.0006787397 0.002076456 0.00560398 0.01330822 0.02774759 0.05069748 0.08104442 0.1132151 0.1380865 0.146973 0.1364874 0.1106116 0.0782709 0.04840431 0.02619364 0.01242305 0.005173922 0.001896488 0.0006133879 0.0001755586 4.460488e-05 1.009499e-05 2.042643e-06 3.709754e-07 6.072406e-08 8.997503e-09 1.212238e-09 1.492053e-10 1.685763e-11 1.756928e-12 1.697531e-13 1.521006e-14 1.332268e-15 1.110223e-16 0 0 0 0 0 0 0 0 0 0 0 0 0 0 0 0
1.590839e-16 1.633536e-15 1.732483e-14 1.729877e-13 1.618904e-12 1.413697e-11 1.146874e-10 8.606465e-10 5.949073e-09 3.772259e-08 2.185489e-07 1.152444e-06 5.510788e-06 2.381255e-05 9.267342e-05 0.000323825 0.001013016 0.002829571 0.007040068 0.01556868 0.03054413 0.05307721 0.08158662 0.1108186 0.1329137 0.1407019 0.131445 0.108386 0.07892028 0.05078339 0.02890887 0.01457813 0.006522914 0.002594648 0.0009195087 0.0002910245 8.248247e-05 2.099501e-05 4.814509e-06 9.979722e-07 1.876494e-07 3.212519e-08 5.026791e-09 7.218062e-10 9.550516e-11 1.169365e-11 1.330602e-12 1.413314e-13 1.409983e-14 1.332268e-15 1.110223e-16 0 0 0 0 0 0 0 0 0 0 0 0 0 0
1.881886e-16 1.723069e-15 1.654064e-14 1.502332e-13 1.285968e-12 1.033342e-11 7.76476e-11 5.435337e-10 3.531154e-09 2.121358e-08 1.174296e-07 5.969217e-07 2.777152e-06 1.178835e-05 4.551698e-05 0.0001594156 0.0005050951 0.001444216 0.003718153 0.008601417 0.01784711 0.03316102 0.05510095 0.08178535 0.1083423 0.1280138 0.1348623 0.1266629 0.1060703 0.07923082 0.05282402 0.03146259 0.01676019 0.007996227 0.003422281 0.001316352 0.0004559857 0.0001425746 4.033862e-05 1.035493e-05 2.418568e-06 5.155421e-07 1.006103e-07 1.803567e-08 2.980088e-09 4.554885e-10 6.463463e-11 8.547163e-12 1.057376e-12 1.227907e-13 1.34337e-14 1.44329e-15 1.110223e-16 0 0 0 0 0 0 0 0 0 0 0 0
2.272337e-16 1.866501e-15 1.631665e-14 1.355511e-13 1.066425e-12 7.917911e-12 5.52913e-11 3.619125e-10 2.213153e-09 1.260294e-08 6.662131e-08 3.259147e-07 1.471158e-06 6.110055e-06 2.328537e-05 8.121842e-05 0.0002586459 0.0007503272 0.001978685 0.004734202 0.01025895 0.02010343 0.03557609 0.05678897 0.08169105 0.1058199 0.1233709 0.129412 0.1221265 0.1036981 0.07925053 0.05454348 0.0338317 0.01893072 0.009567181 0.004372933 0.001810577 0.0006802713 0.0002323874 7.233165e-05 2.055994e-05 5.349996e-06 1.277755e-06 2.808589e-07 5.697896e-08 1.07008e-08 1.866071e-09 3.031283e-10 4.601741e-11 6.550316e-12 8.771872e-13 1.109113e-13 1.332268e-14 1.44329e-15 2.220446e-16 0 0 0 0 0 0 0 0 0 0
2.794027e-16 2.070272e-15 1.657316e-14 1.265736e-13 9.193884e-13 6.331999e-12 4.122395e-11 2.529437e-10 1.458423e-09 7.879063e-09 3.977152e-08 1.870621e-07 8.176403e-07 3.312768e-06 1.2411e-05 4.289369e-05 0.0001364548 0.0003987373 0.001068173 0.002618603 0.005864815 0.01198248 0.02230332 0.03777617 0.05816511 0.08134868 0.1032778 0.1189695 0.1243141 0.1178216 0.1012963 0.07902247 0.05596284 0.03600176 0.02105636 0.01120767 0.005435403 0.002405013 0.0009723613 0.0003598209 0.0001220908 3.806009e-05 1.092341e-05 2.892787e-06 7.085416e-07 1.609069e-07 3.396721e-08 6.683096e-09 1.228916e-09 2.117979e-10 3.431089e-11 5.240142e-12 7.56728e-13 1.035838e-13 1.354472e-14 1.665335e-15 2.220446e-16 0 0 0 0 0 0 0 0
3.491076e-16 2.345183e-15 1.72804e-14 1.218982e-13 8.209461e-13 5.26407e-12 3.205123e-11 1.848099e-10 1.006519e-09 5.164351e-09 2.490068e-08 1.12549e-07 4.757415e-07 1.876286e-06 6.889094e-06 2.349842e-05 7.431054e-05 0.0002174537 0.0005877685 0.00146501 0.003361985 0.007093414 0.01374239 0.02441858 0.03975552 0.05925498 0.08079794 0.1007368 0.1147945 0.119536 0.1137342 0.09888617 0.07858486 0.05710523 0.03796548 0.02310932 0.01288979 0.006594835 0.003098588 0.001338718 0.0005326005 0.0001954255 6.624641e-05 2.078409e-05 6.046768e-06 1.634638e-06 4.114837e-07 9.666808e-08 2.124309e-08 4.377193e-09 8.477871e-10 1.54735e-10 2.668232e-11 4.358514e-12 6.761258e-13 9.992007e-14 1.409983e-14 1.887379e-15 3.330669e-16 0 0 0 0 0 0
4.424445e-16 2.706982e-15 1.844618e-14 1.207099e-13 7.567141e-13 4.533328e-12 2.589121e-11 1.406381e-10 7.248527e-10 3.536642e-09 1.629844e-08 7.078752e-08 2.891291e-07 1.108278e-06 3.978839e-06 1.335297e-05 4.181315e-05 0.0001219553 0.0003307668 0.0008329158 0.001944503 0.004203034 0.008401027 0.01551089 0.02642709 0.04151425 0.06008469 0.08007354 0.09821334 0.1108317 0.1150493 0.1098511 0.09648447 0.07797136 0.05799463 0.03972135 0.02506744 0.01458708 0.007833892 0.003886604 0.001783333 0.000757706 0.0002985123 0.0001092072 3.715764e-05 1.177814e-05 3.484193e-06 9.636712e-07 2.496878e-07 6.072702e-08 1.389277e-08 2.996071e-09 6.104249e-10 1.17764e-10 2.156242e-11 3.755773e-12 6.238343e-13 9.903189e-14 1.509903e-14 2.220446e-15 3.330669e-16 0 0 0 0
5.678343e-16 3.177431e-15 2.011064e-14 1.225754e-13 7.178913e-13 4.031327e-12 2.165885e-11 1.110953e-10 5.428949e-10 2.522307e-09 1.111889e-08 4.641364e-08 1.831096e-07 6.814648e-07 2.388107e-06 7.866517e-06 2.431648e-05 7.042259e-05 0.0001907899 0.0004828432 0.001139931 0.002507421 0.005132734 0.009767491 0.01726295 0.02831234 0.043057 0.06067998 0.0792057 0.09571991 0.1070677 0.1108286 0.1061596 0.0941043 0.07721136 0.05865492 0.04127236 0.02691383 0.01627541 0.009133879 0.004761236 0.002307519 0.001040871 0.0004375045 0.0001715743 6.286316e-05 2.154979e-05 6.922417e-06 2.087086e-06 5.915936e-07 1.579319e-07 3.978058e-08 9.47207e-09 2.136155e-09 4.571911e-10 9.305146e-11 1.804701e-11 3.342437e-12 5.92415e-13 1.006972e-13 1.654232e-14 2.553513e-15 3.330669e-16 1.110223e-16 0
7.369188e-16 3.785904e-15 2.234538e-14 1.273291e-13 6.990977e-13 3.691248e-12 1.87066e-11 9.081815e-11 4.215875e-10 1.867813e-09 7.88348e-09 3.164215e-08 1.205648e-07 4.353569e-07 1.487394e-06 4.800348e-06 1.461238e-05 4.189229e-05 0.000112955 0.0002860608 0.0006795943 0.00151276 0.003151703 0.006139576 0.0111725 0.01897672 0.03006292 0.04439171 0.06106558 0.07822055 0.09326614 0.10349 0.1068515 0.1026481 0.09175581 0.07633044 0.05910927 0.04262486 0.02863644 0.01793351 0.01047574 0.005712181 0.002909922 0.001386201 0.0006181272 0.000258294 0.0001012626 3.729318e-05 1.291918e-05 4.215764e-06 1.297756e-06 3.774442e-07 1.038838e-07 2.710165e-08 6.713283e-09 1.581702e-09 3.550928e-10 7.609935e-11 1.559719e-11 3.063216e-12 5.77538e-13 1.04694e-13 1.831868e-14 3.108624e-15 5.551115e-16
9.658144e-16 4.571631e-15 2.525613e-14 1.350126e-13 6.97156e-13 3.471155e-12 1.663616e-11 7.661636e-11 3.384875e-10 1.432157e-09 5.793646e-09 2.237316e-08 8.234426e-08 2.884053e-07 9.598192e-07 3.030853e-06 9.068264e-06 2.567352e-05 6.868973e-05 0.0001734652 0.0004129942 0.0009260032 0.001953321 0.003872708 0.007210329 0.01259643 0.02063381 0.03167178 0.04552867 0.06126485 0.07714062 0.09085926 0.1000867 0.1030978 0.09930517 0.08944676 0.07535072 0.05937969 0.04378764 0.03022742 0.01954324 0.01184088 0.006727368 0.00358672 0.00179594 0.0008453035 0.0003743488 0.000156146 6.141208e-05 2.280088e-05 8.001253e-06 2.657254e-06 8.362993e-07 2.497765e-07 7.089776e-08 1.915377e-08 4.932709e-09 1.212863e-09 2.851898e-10 6.423428e-11 1.388156e-11 2.88336e-12 5.765388e-13 1.112443e-13 2.520206e-14
1.276862e-15 5.586762e-15 2.898839e-14 1.458477e-13 7.103939e-13 3.344566e-12 1.519647e-11 6.653297e-11 2.802581e-10 1.134103e-09 4.402259e-09 1.636801e-08 5.820966e-08 1.977284e-07 6.406638e-07 1.977461e-06 5.806984e-06 1.620415e-05 4.291646e-05 0.0001077594 0.0002562448 0.0005764785 0.001225814 0.00246145 0.004663611 0.008330785 0.01402101 0.02221925 0.03313556 0.04647968 0.0612995 0.07598522 0.08850456 0.09684683 0.09954983 0.09612058 0.08718295 0.07429131 0.05948683 0.04477111 0.03168252 0.02108964 0.01321177 0.007793646 0.004331964 0.002270388 0.00112285 0.0005244616 0.0002315622 9.673894e-05 3.82788e-05 1.436172e-05 5.114898e-06 1.731264e-06 5.575963e-07 1.711042e-07 5.009087e-08 1.400887e-08 3.748003e-09 9.606592e-10 2.362351e-10 5.581757e-11 1.269129e-11 2.780998e-12 7.379652e-13
1.701074e-15 6.900493e-15 3.373616e-14 1.602296e-13 7.382469e-13 3.295004e-12 1.422637e-11 5.933488e-11 2.387287e-10 9.253092e-10 3.450441e-09 1.236221e-08 4.250023e-08 1.400271e-07 4.415957e-07 1.331404e-06 3.833224e-06 1.052692e-05 2.754563e-05 6.860714e-05 0.0001624881 0.000365596 0.0007807687 0.001581323 0.003034984 0.005515868 0.00948642 0.01542969 0.02372137 0.03445393 0.04725742 0.06118955 0.07477089 0.0862058 0.09376015 0.0961914 0.09308455 0.08496864 0.07316862 0.05944979 0.04558671 0.03300046 0.02256084 0.01457241 0.008897412 0.005137993 0.002807948 0.001453262 0.0007128155 0.0003316129 0.0001464446 6.14458e-05 2.451878e-05 9.313761e-06 3.371497e-06 1.164293e-06 3.840012e-07 1.210985e-07 3.655964e-08 1.057933e-08 2.938031e-09 7.840769e-10 2.013437e-10 4.981704e-11 1.541456e-11
2.281544e-15 8.604605e-15 3.97543e-14 1.787386e-13 7.81041e-13 3.312787e-12 1.362149e-11 5.422751e-11 2.087549e-10 7.76141e-10 2.783587e-09 9.618577e-09 3.198532e-08 1.022414e-07 3.138002e-07 9.237555e-07 2.605427e-06 7.033539e-06 1.815568e-05 4.476943e-05 0.0001053623 0.0002364531 0.0005055943 0.00102924 0.001993285 0.00366996 0.006419713 0.01066295 0.01680795 0.0251315 0.03562898 0.04787496 0.06095325 0.07351174 0.08396552 0.09081714 0.09300811 0.09018801 0.08280683 0.0719967 0.05928613 0.04624639 0.03418236 0.02394779 0.01590862 0.01002516 0.005995887 0.003405293 0.001837604 0.0009428132 0.000460232 0.0002139082 9.473709e-05 4.001438e-05 1.613229e-05 6.213812e-06 2.288851e-06 8.070601e-07 2.726904e-07 8.83834e-08 2.750953e-08 8.231794e-09 2.370848e-09 6.579914e-10 2.367485e-10
3.078217e-15 1.082086e-14 4.737511e-14 2.021653e-13 8.398937e-13 3.393119e-12 1.331468e-11 5.06901e-11 1.870189e-10 6.679333e-10 2.306683e-09 7.694492e-09 2.476551e-08 7.683118e-08 2.295136e-07 6.595209e-07 1.821287e-06 4.828926e-06 1.22815e-05 2.993651e-05 6.987702e-05 0.0001560636 0.0003332494 0.0006798622 0.00132421 0.002460911 0.004360891 0.007364639 0.01184679 0.01814339 0.02644367 0.03666466 0.0483454 0.06060717 0.07221976 0.08178527 0.08800897 0.08998696 0.08742253 0.08069952 0.07078758 0.05901181 0.04676227 0.03523126 0.02524407 0.01720812 0.01116389 0.00689592 0.004057605 0.00227549 0.001216896 0.0006209709 0.00030256 0.0001408561 6.270227e-05 2.670974e-05 1.089648e-05 4.260895e-06 1.598433e-06 5.757889e-07 1.993498e-07 6.640081e-08 2.129947e-08 6.586364e-09 2.747519e-09
4.174525e-15 1.37109e-14 5.703038e-14 2.315506e-13 9.166958e-13 3.534984e-12 1.326413e-11 4.837812e-11 1.713378e-10 5.886417e-10 1.959786e-09 6.316821e-09 1.96925e-08 5.932032e-08 1.725057e-07 4.838456e-07 1.307766e-06 3.403302e-06 8.520336e-06 2.050451e-05 4.739604e-05 0.0001051505 0.0002237424 0.0004563078 0.0008913745 0.00166683 0.002981966 0.005101091 0.008339837 0.01302533 0.01942573 0.02765424 0.03756634 0.04868154 0.06016621 0.07090512 0.07966583 0.08532741 0.0871162 0.08478025 0.07864789 0.06955152 0.0586413 0.0471463 0.03615161 0.02644549 0.01846062 0.01230149 0.007827969 0.00475886 0.00276515 0.001536432 0.00081681 0.0004157113 0.0002026712 9.471173e-05 4.245448e-05 1.826681e-05 7.549987e-06 2.999939e-06 1.146865e-06 4.221905e-07 1.497875e-07 5.126233e-08 2.471822e-08
5.686655e-15 1.748941e-14 6.928034e-14 2.682415e-13 1.014158e-12 3.740534e-12 1.344615e-11 4.706414e-11 1.602526e-10 5.303263e-10 1.704156e-09 5.31269e-09 1.605374e-08 4.698067e-08 1.330379e-07 3.642377e-07 9.633787e-07 2.459632e-06 6.05721e-06 1.43775e-05 3.286941e-05 7.23269e-05 0.0001530807 0.0003114439 0.0006087187 0.001142309 0.002057059 0.003552931 0.005883005 0.00933457 0.01418724 0.02064675 0.02876161 0.03834036 0.04889575 0.05964377 0.06957642 0.07760736 0.08276483 0.08438517 0.08225387 0.07665249 0.06829721 0.05818764 0.04741011 0.03694894 0.02754984 0.01965776 0.01342689 0.008781887 0.005502142 0.003303571 0.00190167 0.001050009 0.0005563887 0.0002830916 0.0001383848 6.503175e-05 2.939774e-05 1.279211e-05 5.361798e-06 2.166359e-06 8.443545e-07 3.177069e-07 1.765577e-07
7.776432e-15 2.244164e-14 8.485154e-14 3.139662e-13 1.135912e-12 4.014828e-12 1.385081e-11 4.660125e-11 1.527797e-10 4.876576e-10 1.514211e-09 4.570092e-09 1.339622e-08 3.810792e-08 1.051207e-07 2.809776e-07 7.271849e-07 1.820934e-06 4.408751e-06 1.031367e-05 2.329706e-05 5.078129e-05 0.0001067469 0.0002162726 0.000422084 0.0007930782 0.001433948 0.002493697 0.004169203 0.006698538 0.01033849 0.01532251 0.02180011 0.0297658 0.03899376 0.0489998 0.05905181 0.06824089 0.07560955 0.08031417 0.0817842 0.07983658 0.07471336 0.06703205 0.05766252 0.04756483 0.03762951 0.02855655 0.02079297 0.01453028 0.009747796 0.006279943 0.003886671 0.002311758 0.001322003 0.0007271839 0.0003849341 0.0001961915 9.632942e-05 4.558977e-05 2.080951e-05 9.166619e-06 3.8993e-06 1.602809e-06 1.023644e-06
1.066925e-14 2.894683e-14 1.046863e-13 3.709316e-13 1.28667e-12 4.365818e-12 1.447931e-11 4.690021e-11 1.482555e-10 4.570084e-10 1.372734e-09 4.014897e-09 1.142535e-08 3.161249e-08 8.498346e-08 2.218175e-07 5.617566e-07 1.379445e-06 3.282348e-06 7.5634e-06 1.6867e-05 3.638249e-05 7.586386e-05 0.0001528372 0.0002973365 0.0005583112 0.001011364 0.001766636 0.002974479 0.004825328 0.007539356 0.01134186 0.01642256 0.02288123 0.03066823 0.03953395 0.04900475 0.05840095 0.06690462 0.07367171 0.07796883 0.0793045 0.07752206 0.07283015 0.06576226 0.05707639 0.047621 0.03820005 0.02946643 0.02186133 0.01560313 0.01071634 0.007084452 0.004509513 0.00276482 0.001633355 0.0009301317 0.000510792 0.00027063 0.0001384036 6.835591e-05 3.262046e-05 1.504967e-05 6.716355e-06 4.916351e-06
1.467898e-14 3.750918e-14 1.300071e-13 4.419494e-13 1.472444e-12 4.804537e-12 1.534262e-11 4.79152e-11 1.462401e-10 4.358895e-10 1.267953e-09 3.597089e-09 9.945564e-09 2.678252e-08 7.019981e-08 1.78981e-07 4.436031e-07 1.068156e-06 2.4973e-06 5.665675e-06 1.246622e-05 2.658793e-05 5.493808e-05 0.0001099214 0.0002128632 0.0003987735 0.0007223822 0.001264852 0.002139787 0.003496203 0.005515242 0.008397146 0.01233576 0.0174802 0.02388705 0.03147138 0.03996857 0.04892097 0.05770066 0.0655727 0.07179285 0.07572272 0.07693802 0.07530444 0.07100219 0.06449311 0.05643857 0.04758853 0.03866755 0.03028135 0.02285944 0.01663822 0.01167884 0.007907803 0.005166518 0.003258065 0.001983744 0.001166621 0.000662915 0.0003641197 0.0001934075 9.938923e-05 4.943623e-05 2.38124e-05 1.992831e-05
2.024249e-14 4.87991e-14 1.624002e-13 5.305981e-13 1.70083e-12 5.34547e-12 1.646097e-11 4.963493e-11 1.464542e-10 4.22592e-10 1.191715e-09 3.282346e-09 8.824519e-09 2.314355e-08 5.917573e-08 1.474276e-07 3.576741e-07 8.445541e-07 1.939823e-06 4.331726e-06 9.399388e-06 1.980891e-05 4.052596e-05 8.044785e-05 0.0001548846 0.0002890856 0.0005228645 0.0009160614 0.001554066 0.002551935 0.004054891 0.006232495 0.009263837 0.01331216 0.0184896 0.02481586 0.03217857 0.04030525 0.04875808 0.05695929 0.06424936 0.0699718 0.07357014 0.07467743 0.07317823 0.06922856 0.06322898 0.05575732 0.04747668 0.03903909 0.03100407 0.02378519 0.01762959 0.01262745 0.008742294 0.00585169 0.003787931 0.002372008 0.001437345 0.0008431097 0.0004788955 0.0002635091 0.0001405147 7.264413e-05 6.934741e-05
2.79675e-14 6.37079e-14 2.039247e-13 6.414305e-13 1.981385e-12 6.00711e-12 1.786402e-11 5.207763e-11 1.487392e-10 4.159572e-10 1.138334e-09 3.046783e-09 7.971124e-09 2.03734e-08 5.084368e-08 1.238248e-07 2.941358e-07 6.811375e-07 1.536917e-06 3.3774e-06 7.22477e-06 1.503744e-05 3.043949e-05 5.989983e-05 0.0001145399 0.0002127431 0.0003836666 0.0006715697 0.001140548 0.001878779 0.003000817 0.00464596 0.006970466 0.01013177 0.01426401 0.01944619 0.02566712 0.03279374 0.0405515 0.04852494 0.05618423 0.06293808 0.06820718 0.07150582 0.07251602 0.07113835 0.06750817 0.06197356 0.05504001 0.047294 0.03932169 0.03163801 0.0246376 0.01857251 0.01355518 0.009580561 0.006558807 0.004350239 0.002796212 0.001742283 0.001052664 0.0006169116 0.000350804 0.0001936285 0.0002104062
3.869868e-14 8.342014e-14 2.572536e-13 7.802384e-13 2.326091e-12 6.812708e-12 1.95915e-11 5.528841e-11 1.530326e-10 4.152268e-10 1.103846e-09 2.873597e-09 7.321737e-09 1.824956e-08 4.447581e-08 1.05929e-07 2.464428e-07 5.597866e-07 1.24089e-06 2.6832e-06 5.657051e-06 1.162409e-05 2.326908e-05 4.536028e-05 8.607549e-05 0.0001589379 0.0002854715 0.0004985799 0.0008464467 0.001396433 0.002238031 0.003483487 0.005264396 0.007722549 0.01099384 0.01518524 0.02034659 0.02644123 0.03332129 0.04071465 0.04822971 0.05538197 0.06164175 0.06649755 0.06952485 0.07044761 0.06918003 0.06583979 0.06072989 0.0542931 0.04704841 0.03952225 0.03218707 0.02541669 0.01946334 0.01445598 0.01041571 0.00728161 0.004940357 0.003253747 0.002080718 0.001292302 0.0007797593 0.0004572292 0.0005645114
5.36089e-14 1.095093e-13 3.258571e-13 9.5439e-13 2.749956e-12 7.791241e-12 2.169451e-11 5.933873e-11 1.593517e-10 4.199449e-10 1.08551e-09 2.750892e-09 6.831334e-09 1.661602e-08 3.956752e-08 9.220287e-08 2.101607e-07 4.683503e-07 1.020041e-06 2.170258e-06 4.508949e-06 9.144032e-06 1.809387e-05 3.492161e-05 6.57157e-05 0.0001205325 0.0002154037 0.0003749516 0.0006355293 0.001048589 0.001683687 0.002630191 0.003996434 0.00590492 0.008482311 0.01184358 0.01607077 0.02118843 0.0271394 0.03376591 0.04080173 0.04787984 0.05455825 0.06036271 0.06484134 0.06762263 0.06846654 0.06729886 0.06422209 0.05950048 0.05352234 0.04674715 0.03964741 0.03265546 0.02612324 0.02029947 0.01532471 0.0112414 0.008013951 0.005553357 0.003741438 0.002451285 0.001562162 0.0009686045 0.001356489
7.432486e-14 1.440644e-13 4.142395e-13 1.17326e-12 3.271759e-12 8.978646e-12 2.423717e-11 6.432733e-11 1.677853e-10 4.29894e-10 1.081495e-09 2.670248e-09 6.467764e-09 1.536192e-08 3.57637e-08 8.157633e-08 1.822356e-07 3.985436e-07 8.529454e-07 1.785675e-06 3.655584e-06 7.315177e-06 1.430382e-05 2.732045e-05 5.095496e-05 9.276978e-05 0.0001648206 0.0002856737 0.0004828987 0.0007958807 0.001278587 0.002001672 0.003053031 0.004535722 0.006562142 0.009243618 0.01267519 0.01691643 0.02197029 0.02776349 0.03413246 0.04081946 0.04748213 0.05371807 0.05910283 0.06323697 0.06579492 0.06656759 0.0654907 0.06265369 0.05828738 0.05273277 0.04639687 0.03970357 0.03304764 0.02675871 0.02107919 0.0161571 0.01205195 0.008749923 0.006184158 0.00425567 0.002852031 0.001861802 0.002953275
1.030998e-13 1.898559e-13 5.28246e-13 1.448774e-12 3.914993e-12 1.041936e-11 2.7299e-11 7.038251e-11 1.784898e-10 4.450545e-10 1.090651e-09 2.625763e-09 6.207953e-09 1.440764e-08 3.281106e-08 7.329326e-08 1.605317e-07 3.446274e-07 7.24893e-07 1.493409e-06 3.012409e-06 5.947465e-06 1.148919e-05 2.170935e-05 4.011148e-05 7.24475e-05 0.0001278745 0.0002205095 0.0003713946 0.0006107943 0.0009806108 0.001536515 0.002349181 0.00350382 0.005097111 0.007230696 0.01000073 0.01348363 0.01771895 0.02269156 0.02831587 0.03442587 0.04077418 0.04704276 0.05286582 0.05786362 0.0616828 0.06403773 0.06474595 0.06375169 0.06113314 0.05709224 0.05192882 0.04600363 0.03969681 0.03336817 0.02732508 0.02180158 0.01694973 0.0128423 0.009483963 0.006827662 0.004792507 0.003280506 0.005886609
1.430501e-13 2.505552e-13 6.754584e-13 1.796107e-12 4.709039e-12 1.216825e-11 3.097776e-11 7.766575e-11 1.916901e-10 4.655806e-10 1.112375e-09 2.613408e-09 6.035349e-09 1.369553e-08 3.052679e-08 6.681219e-08 1.43533e-07 3.025669e-07 6.256321e-07 1.268534e-06 2.52134e-06 4.911006e-06 9.371012e-06 1.751257e-05 3.204312e-05 5.738769e-05 0.0001005734 0.0001724304 0.0002891345 0.0004740618 0.0007598304 0.001190275 0.001821936 0.002724492 0.003979422 0.005676189 0.007905354 0.01074839 0.01426455 0.01847588 0.0233523 0.02879928 0.03465104 0.04067188 0.04656731 0.05200535 0.05664624 0.06017721 0.06234734 0.06299718 0.06207824 0.05965899 0.0559164 0.05111439 0.04557294 0.03963287 0.03362161 0.02782474 0.02246642 0.01769996 0.0136081 0.01021092 0.007478866 0.00534781 0.01084391
1.984794e-13 3.310218e-13 8.657058e-13 2.234556e-12 5.690639e-12 1.429297e-11 3.539315e-11 8.637664e-11 2.076825e-10 4.917876e-10 1.146511e-09 2.63059e-09 5.938196e-09 1.318368e-08 2.877772e-08 6.174073e-08 1.301499e-07 2.694858e-07 5.479151e-07 1.093565e-06 2.141906e-06 4.115804e-06 7.756828e-06 1.433404e-05 2.596517e-05 4.609329e-05 8.016742e-05 0.000136573 0.0002278427 0.0003721423 0.0005949639 0.0009308672 0.001424991 0.002133928 0.003125436 0.004476397 0.00626848 0.008581124 0.01148184 0.01501432 0.01918547 0.02395317 0.02921675 0.03481283 0.04051815 0.04606086 0.05113998 0.05545157 0.05871857 0.06072029 0.06131716 0.06046697 0.05822977 0.05476087 0.05029288 0.0451098 0.03951715 0.03381251 0.02826039 0.02307406 0.01840585 0.01434563 0.01092611 0.008132951 0.01861865
2.753205e-13 4.376792e-13 1.111721e-12 2.78866e-12 6.905731e-12 1.687691e-11 4.069128e-11 9.675918e-11 2.26842e-10 5.241491e-10 1.193293e-09 2.675856e-09 5.908344e-09 1.284168e-08 2.746617e-08 5.779156e-08 1.195892e-07 2.433069e-07 4.8655e-07 9.560687e-07 1.845525e-06 3.49867e-06 6.512141e-06 1.189792e-05 2.133219e-05 3.75242e-05 6.474348e-05 0.0001095442 0.0001817168 0.0002954742 0.0004708394 0.0007351369 0.001124405 0.001684445 0.002471125 0.003549475 0.004991105 0.006869546 0.009253316 0.01219686 0.01572996 0.01984666 0.02449531 0.02957153 0.03491595 0.04031821 0.04552796 0.05027262 0.05428025 0.05730527 0.05915333 0.05970209 0.05891473 0.05684401 0.05362644 0.04946727 0.04461872 0.03935469 0.03394533 0.02863495 0.02362535 0.01906612 0.01505184 0.01162534 0.03002381
3.817367e-13 5.790072e-13 1.429984e-12 3.489608e-12 8.41174e-12 2.002281e-11 4.70502e-11 1.091097e-10 2.496317e-10 5.633016e-10 1.253311e-09 2.748694e-09 5.940432e-09 1.264764e-08 2.652033e-08 5.475263e-08 1.112677e-07 2.225126e-07 4.377701e-07 8.470925e-07 1.611752e-06 3.014669e-06 5.541776e-06 1.000974e-05 1.776068e-05 3.095002e-05 5.295795e-05 8.895633e-05 0.0001466587 0.0002372667 0.0003765991 0.0005863458 0.0008953284 0.001340571 0.001967906 0.002831767 0.003993781 0.005519795 0.007475071 0.009917605 0.0128898 0.01640916 0.02045894 0.02498025 0.02986695 0.03496494 0.04007688 0.04497273 0.04940578 0.05313275 0.05593574 0.05764343 0.05814843 0.05741857 0.05550028 0.0525137 0.04864015 0.04410381 0.0391502 0.03402439 0.02895149 0.02412153 0.01968003 0.01572427 0.04578456
5.289391e-13 7.661825e-13 1.841805e-12 4.377015e-12 1.028043e-11 2.385722e-11 5.468663e-11 1.237866e-10 2.766152e-10 6.100553e-10 1.3275e-09 2.849406e-09 6.031328e-09 1.258623e-08 2.588746e-08 5.246657e-08 1.047527e-07 2.059819e-07 3.988114e-07 7.601098e-07 1.42578e-06 2.631454e-06 4.777573e-06 8.530825e-06 1.497796e-05 2.585239e-05 4.385768e-05 7.311401e-05 0.0001197516 0.0001926663 0.0003044354 0.0004723598 0.0007195576 0.001075975 0.001579121 0.002274259 0.003213764 0.00445532 0.006058693 0.008080934 0.01057006 0.01355753 0.01705015 0.02102232 0.02540984 0.03010644 0.03496419 0.03979866 0.04439886 0.04854165 0.05200932 0.05460843 0.05618776 0.0566529 0.05597572 0.05419714 0.05142304 0.04781378 0.04356873 0.03890805 0.03405385 0.02921315 0.0245642 0.02024737 0.06643327
7.322926e-13 1.013912e-12 2.374706e-12 5.501167e-12 1.260144e-11 2.853593e-11 6.386413e-11 1.412221e-10 3.084731e-10 6.654115e-10 1.417139e-09 2.979029e-09 6.179744e-09 1.264717e-08 2.55293e-08 5.081637e-08 9.972085e-08 1.928793e-07 3.67624e-07 6.903096e-07 1.276763e-06 2.325467e-06 4.170149e-06 7.361142e-06 1.278802e-05 2.185953e-05 3.675989e-05 6.080264e-05 9.890238e-05 0.0001581796 0.0002487023 0.0003843465 0.0005837282 0.0008711169 0.001277192 0.001839452 0.002602045 0.003614757 0.004930924 0.006604075 0.008683259 0.01120717 0.01419745 0.0176517 0.02153722 0.02578616 0.03029341 0.03491785 0.03948767 0.04380965 0.04768209 0.0509101 0.05332183 0.05478364 0.05521245 0.0545836 0.05293321 0.05035472 0.04699011 0.04301682 0.03863228 0.03403771 0.02942314 0.02495517 0.09222937
1.012809e-12 1.341514e-12 3.064192e-12 6.925843e-12 1.54867e-11 3.425071e-11 7.49031e-11 1.619368e-10 3.460217e-10 7.305861e-10 1.523871e-09 3.139303e-09 6.385978e-09 1.282427e-08 2.541863e-08 4.971532e-08 9.592958e-08 1.825771e-07 3.426731e-07 6.341088e-07 1.15667e-06 2.079361e-06 3.683329e-06 6.427735e-06 1.104843e-05 1.870205e-05 3.117067e-05 5.114408e-05 8.259685e-05 0.0001312741 0.0002052922 0.0003158469 0.0004779984 0.0007114746 0.001041394 0.001498771 0.002120628 0.00294951 0.004032185 0.005417367 0.007152333 0.00927846 0.01182585 0.01480744 0.01821307 0.02200443 0.02611147 0.03043125 0.03482987 0.03914771 0.04320808 0.0468287 0.0498351 0.05207447 0.05342858 0.05382423 0.05323976 0.05170712 0.04930886 0.04617082 0.04245104 0.03832663 0.03397975 0.02958463 0.1231192
1.399159e-12 1.774318e-12 3.955998e-12 8.731854e-12 1.907587e-11 4.123748e-11 8.819276e-11 1.865565e-10 3.902377e-10 8.07039e-10 1.649729e-09 3.332657e-09 6.651761e-09 1.311474e-08 2.553703e-08 4.909982e-08 9.319677e-08 1.746012e-07 3.228003e-07 5.888136e-07 1.05949e-06 1.880228e-06 3.29033e-06 5.676841e-06 9.654643e-06 1.618281e-05 2.672929e-05 4.349769e-05 6.973027e-05 0.0001100997 0.0001711966 0.0002621113 0.0003950907 0.0005862318 0.0008561433 0.001230477 0.001740194 0.002421412 0.003314655 0.004463348 0.005911428 0.007700024 0.009863267 0.01242345 0.01538587 0.01873392 0.02242504 0.02638815 0.0305233 0.03470398 0.03878227 0.04259678 0.04598287 0.04878424 0.05086492 0.05212024 0.05248558 0.05194193 0.05051754 0.04828547 0.04535736 0.04187408 0.03799452 0.03388359 0.1587402
1.93037e-12 2.345468e-12 5.108955e-12 1.102149e-11 2.354307e-11 4.978635e-11 1.042058e-10 2.158335e-10 4.422855e-10 8.965113e-10 1.797178e-09 3.562238e-09 6.980166e-09 1.351872e-08 2.587315e-08 4.892431e-08 9.13862e-08 1.685921e-07 3.071256e-07 5.523816e-07 9.806879e-07 1.718367e-06 2.971126e-06 5.068438e-06 8.529128e-06 1.41561e-05 2.316985e-05 3.739192e-05 5.948988e-05 9.329458e-05 0.0001441973 0.000219627 0.0003295985 0.0004873043 0.0007097036 0.001018038 0.001438173 0.002000651 0.002740301 0.00369529 0.004905469 0.006409949 0.008243913 0.01043474 0.0129977 0.01593151 0.01921429 0.02280038 0.02661866 0.03057277 0.03454366 0.03839454 0.04197813 0.04514574 0.04775733 0.04969182 0.05085642 0.05119404 0.05068795 0.04936319 0.04728449 0.04455097 0.04128832 0.03763912 0.198464
2.659443e-12 3.098245e-12 6.598617e-12 1.392407e-11 2.910526e-11 6.025385e-11 1.235159e-10 2.506706e-10 5.035519e-10 1.001069e-09 1.969166e-09 3.831947e-09 7.375584e-09 1.403896e-08 2.642155e-08 4.915752e-08 9.039716e-08 1.642777e-07 2.949771e-07 5.232534e-07 9.168091e-07 1.586424e-06 2.710597e-06 4.572447e-06 7.613858e-06 1.251321e-05 2.029449e-05 3.247661e-05 5.127278e-05 7.984871e-05 0.000122647 0.0001857798 0.0002774846 0.0004086259 0.000593211 0.0008488678 0.001197213 0.001664019 0.002279067 0.003075577 0.004089091 0.005355747 0.006909881 0.008781006 0.01099029 0.01354676 0.01644353 0.0196545 0.02313196 0.02680551 0.03058281 0.0343522 0.03798744 0.04135423 0.0443183 0.04675414 0.04855383 0.04963505 0.04994728 0.0494758 0.04824283 0.04630576 0.04375272 0.0406959 0.2414659
3.658173e-12 4.089046e-12 8.521852e-12 1.760289e-11 3.603246e-11 7.307786e-11 1.468192e-10 2.921515e-10 5.756862e-10 1.123157e-09 2.169189e-09 4.146509e-09 7.843736e-09 1.468067e-08 2.71819e-08 4.97799e-08 9.015684e-08 1.614525e-07 2.858412e-07 5.002319e-07 8.652046e-07 1.478776e-06 2.497231e-06 4.166055e-06 6.864993e-06 1.117234e-05 1.795469e-05 2.848948e-05 4.462802e-05 6.900689e-05 0.0001053139 0.0001586117 0.0002357171 0.0003456239 0.0004999496 0.0007133658 0.001003963 0.001393477 0.001907294 0.002574137 0.003425343 0.004493646 0.005811411 0.007408322 0.009308565 0.01152766 0.01406915 0.01692146 0.0200552 0.02342144 0.0269512 0.03055641 0.03413267 0.03756363 0.04072695 0.04350137 0.04577436 0.04744967 0.04845417 0.04874314 0.04830359 0.04715524 0.04534907 0.0429635 0.2868071
5.023567e-12 5.391198e-12 1.100264e-11 2.226384e-11 4.466039e-11 8.879573e-11 1.749593e-10 3.415754e-10 6.606476e-10 1.26566e-09 2.401368e-09 4.511556e-09 8.391738e-09 1.545141e-08 2.815843e-08 5.07817e-08 9.06149e-08 1.599637e-07 2.79325e-07 4.823944e-07 8.238301e-07 1.391092e-06 2.322188e-06 3.831812e-06 6.249125e-06 1.007132e-05 1.603803e-05 2.523244e-05 3.92156e-05 6.020027e-05 9.127001e-05 0.0001366467 0.0002020061 0.0002948341 0.0004248098 0.0006041873 0.0008481392 0.001175008 0.0016064 0.002167047 0.002884356 0.003787574 0.004906504 0.006269758 0.007902552 0.009824126 0.01204492 0.01456374 0.0173651 0.0204172 0.02367062 0.02705823 0.03049645 0.03388791 0.03712554 0.04009795 0.04269564 0.04481765 0.04637811 0.04731197 0.04757959 0.0471695 0.04609926 0.04441416 0.3335148
6.886353e-12 7.099814e-12 1.419934e-11 2.816615e-11 5.540604e-11 1.080663e-10 2.089588e-10 4.004995e-10 7.60762e-10 1.431978e-09 2.670545e-09 4.933736e-09 9.028201e-09 1.636113e-08 2.935962e-08 5.216165e-08 9.17394e-08 1.596999e-07 2.751304e-07 4.690293e-07 7.91101e-07 1.320013e-06 2.178631e-06 3.556265e-06 5.740587e-06 9.162583e-06 1.445865e-05 2.255464e-05 3.477709e-05 5.299706e-05 7.981137e-05 0.0001187645 0.0001746115 0.0002536183 0.0003638877 0.000515695 0.0007218013 0.0009977081 0.001361801 0.001835324 0.002442118 0.003208062 0.004160157 0.005325222 0.006728192 0.008390053 0.0103255 0.01254047 0.01502969 0.01777457 0.02074155 0.02388132 0.02712904 0.03040566 0.03362057 0.03667537 0.03946869 0.04190164 0.04388363 0.04533794 0.0462067 0.04645472 0.04607187 0.04507377 0.3806518
9.42223e-12 9.337982e-12 1.831389e-11 3.563569e-11 6.878661e-11 1.316967e-10 2.500552e-10 4.707888e-10 8.787884e-10 1.626111e-09 2.982388e-09 5.420842e-09 9.763358e-09 1.742222e-08 3.079799e-08 5.392606e-08 9.351399e-08 1.605834e-07 2.730337e-07 4.595888e-07 7.657855e-07 1.262924e-06 2.061237e-06 3.328965e-06 5.319502e-06 8.409395e-06 1.315051e-05 2.034032e-05 3.11146e-05 4.70671e-05 7.040012e-05 0.0001041093 0.0001522033 0.0002199562 0.0003141861 0.0004435451 0.0006188019 0.0008530853 0.001162052 0.001563931 0.002079389 0.002731174 0.003543469 0.004540932 0.005747398 0.007184252 0.008868523 0.01081079 0.01301301 0.0154665 0.01815018 0.0210294 0.02405546 0.02716603 0.03028662 0.0333331 0.03621513 0.03884047 0.04111984 0.04297189 0.04432804 0.04513675 0.04536676 0.04500909 0.4273696
1.286669e-11 1.22646e-11 2.36032e-11 4.508142e-11 8.544279e-11 1.606743e-10 2.997459e-10 5.546753e-10 1.017997e-09 1.852765e-09 3.343524e-09 5.981967e-09 1.060924e-08 1.864967e-08 3.249012e-08 5.608825e-08 9.59358e-08 1.625647e-07 2.728711e-07 4.536536e-07 7.469258e-07 1.217778e-06 1.96584e-06 3.141742e-06 4.970374e-06 7.783198e-06 1.206238e-05 1.849993e-05 2.807543e-05 4.215607e-05 6.262245e-05 9.202297e-05 0.0001337579 0.0001922923 0.0002733924 0.0003843764 0.0005343651 0.0007345081 0.000998158 0.001340956 0.001780786 0.002337552 0.003032738 0.00388871 0.004927733 0.006170707 0.007635636 0.00933589 0.01127834 0.01346151 0.01587387 0.01849247 0.02128207 0.02419495 0.02717152 0.0301418 0.03302778 0.03574662 0.03821444 0.04035059 0.04208198 0.0433473 0.04410058 0.04431401 0.4729422
1.753451e-11 1.608426e-11 3.039346e-11 5.70157e-11 1.061671e-10 1.962063e-10 3.598403e-10 6.548285e-10 1.182262e-09 2.117463e-09 3.761684e-09 6.627685e-09 1.157987e-08 2.006123e-08 3.44567e-08 5.866822e-08 9.901401e-08 1.656177e-07 2.745276e-07 4.509077e-07 7.337794e-07 1.182971e-06 1.889161e-06 2.988175e-06 4.681035e-06 7.26163e-06 1.115427e-05 1.696375e-05 2.55409e-05 3.806669e-05 5.615778e-05 8.19961e-05 0.0001184836 0.0001694218 0.000239713 0.0003355763 0.0004647669 0.0006367831 0.0008630367 0.00115696 0.001534016 0.002011574 0.002608612 0.003345221 0.004241866 0.005318415 0.006592924 0.008080216 0.009790309 0.01172679 0.01388523 0.01625178 0.01880214 0.02150092 0.0243017 0.02714774 0.02997348 0.03270671 0.03527151 0.0375916 0.03959415 0.04121346 0.04239466 0.04309672 0.5167838

Variable estimate SD
BiasPar 0.998256685218535 0.00263312910322324
SDPar 0.329926003895469 0.00728716985973833
SDPar -0.0142459775418083 0.00507484611817715
SDPar 9.20929640987495 1.40776899461378
Slope -0.367642312783077 1.320220108365
Probs -0.314332694522848 0.0724992662987019
Probs -0.490392992128008 0.0774915997138792
Probs 0.0508981452776696 0.0788924523797212
Probs 0.241910341517437 0.0890975723050608
Probs -0.447037018648073 0.115755153859655
Probs -0.132993331609356 0.111601399050476
Probs -1.33916006431176 0.33691504862921
Probs -1.44326912093625 0.446918616757368
Probs -1.42533567231667 0.546174133481324
Probs -2.62146025281611 2.15318500116564
Probs -1.33257928629269 0.655553699430391
Probs -3.18189690548195 3.63499227061568
Probs -1.22282127984206 0.267737920428877
Probs -10.8772606720732 192.50727442204
Probs -9.30491046860166 NaN
Probs -1.50812191547674 0.138665455877719
Probs -10.5408295627095 195.005084281396
Probs -7.0504490599029 36.7809293188503
Probs -3.1537079648594 1.60588041002597
Probs -2.0888777655629 0.427394617300029
Probs -10.0285552780043 52.0606862673751
Probs -12.4589733212544 113.728799749352
Probs -12.8185723473224 135.379858715818
Probs -10.2042018928199 55.6767381920254
Probs -2.31299141733203 0.60008433974914
Probs -5.05570583770601 9.66892966107772
Probs -11.9857502245832 209.111956365258
Probs -11.0323997212683 125.293240560772
Probs -10.9513770673077 178.615634578685
Probs -2.96816818061948 0.544706966289757
Probs -8.13021422975983 69.0648580621267
Probs -11.930020023872 173.940304857343
Probs -14.4294484191614 337.220165961146
Probs -14.3011110114799 259.741954099674
Probs -13.2294995496254 150.5235725274
Probs -15.9360883567319 496.618583091137
Probs -12.0437890341553 162.549640726884
Probs -3.11647015221424 0.222063195460267
Probs -13.6570610290024 319.056703188582
Probs -19.9913825539754 697.747058967766
Probs -13.267460818108 106.795419528382
Probs -18.7290169734214 634.270810930137
Probs -15.0405832737534 212.689428536238
Probs -15.5209921011552 285.199460278429
Probs -18.682548529115 661.523008388595
Probs -18.6847089152068 684.082278093113
Probs -19.9913730917282 705.313876931573
Probs -6.6639494428219 19.4596764935176
Probs -5.96800725121677 5.68405718589616
