
Structure of the data set
Data set # Entries Reader boolean
1 267 1 2 0 0 0 0 0 0 0 0 0 0 0
1 190 0 2 0 4 0 0 0 0 0 0 0 0 0
1 2 0 0 0 4 0 0 0 0 0 0 0 0 0
1 56 0 0 3 4 0 0 0 0 0 0 0 0 0
1 74 0 2 3 0 0 0 0 0 0 0 0 0 0
1 16 0 2 0 0 0 0 0 0 0 0 0 0 0
1 91 1 0 0 0 5 0 0 0 0 0 0 0 0
1 285 1 0 0 0 0 6 0 0 0 0 0 0 0
1 2605 1 0 0 0 0 0 7 0 0 0 0 0 0
1 45 1 0 0 0 0 0 0 8 0 0 0 0 0
1 39 1 0 0 0 0 0 0 0 9 0 0 0 0
1 138 0 0 0 0 0 0 0 0 9 10 0 0 0
1 650 1 0 0 0 0 0 0 0 0 10 0 0 0
1 108 1 0 0 0 0 0 7 0 0 0 0 12 0
1 115 0 0 0 0 0 0 7 0 0 0 11 12 0
1 105 1 0 0 0 0 0 0 0 0 0 11 0 0
1 826 1 0 0 0 0 0 0 0 0 0 0 12 0
1 106 1 0 0 0 0 0 0 0 0 0 11 12 0
1 116 1 0 0 0 0 0 7 0 0 0 11 0 0
1 37 0 0 0 0 0 0 7 0 0 10 0 0 0
1 45 0 0 0 0 0 0 0 0 0 10 0 12 0
1 6 0 0 0 0 0 0 0 0 0 0 11 12 0
1 61 0 0 0 0 0 0 7 0 0 0 11 0 0
1 135 0 0 0 0 0 0 7 0 0 0 0 12 0
1 190 1 0 0 0 0 0 0 0 0 0 0 0 13
1 414 0 0 0 0 0 0 7 0 0 0 0 0 13
ReaderSumm
1 2 26
Number of reads by data set:        13
Minimum and Maximum Ages:           0   42

total cells  10201
Structure of the data set
Data set # Entries Reader boolean
1 267 1 2 0 0 0 0 0 0 0 0 0 0 0
1 190 0 2 0 0 0 0 0 0 0 0 11 0 0
1 2 0 0 0 0 0 0 0 0 0 0 11 0 0
1 56 0 0 0 0 0 0 7 0 0 0 11 0 0
1 74 0 2 0 0 0 0 7 0 0 0 0 0 0
1 16 0 2 0 0 0 0 0 0 0 0 0 0 0
1 91 1 0 0 0 0 0 0 0 0 0 0 0 13
1 285 1 0 0 0 0 0 0 0 0 10 0 0 0
1 2605 1 0 3 0 0 0 0 0 0 0 0 0 0
1 45 1 0 0 0 0 0 0 8 0 0 0 0 0
1 39 1 0 0 0 0 0 0 0 0 0 0 12 0
1 138 0 0 0 0 0 6 0 0 0 0 0 12 0
1 650 1 0 0 0 0 6 0 0 0 0 0 0 0
1 108 1 0 3 0 5 0 0 0 0 0 0 0 0
1 115 0 0 3 0 5 0 0 0 9 0 0 0 0
1 105 1 0 0 0 0 0 0 0 9 0 0 0 0
1 826 1 0 0 0 5 0 0 0 0 0 0 0 0
1 106 1 0 0 0 5 0 0 0 9 0 0 0 0
1 116 1 0 3 0 0 0 0 0 9 0 0 0 0
1 37 0 0 3 0 0 6 0 0 0 0 0 0 0
1 45 0 0 0 0 5 6 0 0 0 0 0 0 0
1 6 0 0 0 0 5 0 0 0 9 0 0 0 0
1 61 0 0 3 0 0 0 0 0 9 0 0 0 0
1 135 0 0 3 0 5 0 0 0 0 0 0 0 0
1 190 1 0 0 4 0 0 0 0 0 0 0 0 0
1 414 0 0 3 4 0 0 0 0 0 0 0 0 0
ReaderSumm
1 2 26
Number of reads by data set:        13
Minimum and Maximum Ages:           0   42

total cells  10201
Structure of the data set
Data set # Entries Reader boolean
1 267 1 2 0 0 0 0 0 0 0 0 0 0 0
1 190 0 2 0 0 0 0 0 0 0 0 11 0 0
1 2 0 0 0 0 0 0 0 0 0 0 11 0 0
1 56 0 0 0 0 0 0 7 0 0 0 11 0 0
1 74 0 2 0 0 0 0 7 0 0 0 0 0 0
1 16 0 2 0 0 0 0 0 0 0 0 0 0 0
1 91 1 0 0 0 0 0 0 0 0 0 0 0 13
1 285 1 0 0 0 0 0 0 0 0 10 0 0 0
1 2605 1 0 3 0 0 0 0 0 0 0 0 0 0
1 45 1 0 0 0 0 0 0 8 0 0 0 0 0
1 39 1 0 0 0 0 0 0 0 0 0 0 12 0
1 138 0 0 0 0 0 6 0 0 0 0 0 12 0
1 650 1 0 0 0 0 6 0 0 0 0 0 0 0
1 108 1 0 3 0 5 0 0 0 0 0 0 0 0
1 115 0 0 3 0 5 0 0 0 9 0 0 0 0
1 105 1 0 0 0 0 0 0 0 9 0 0 0 0
1 826 1 0 0 0 5 0 0 0 0 0 0 0 0
1 106 1 0 0 0 5 0 0 0 9 0 0 0 0
1 116 1 0 3 0 0 0 0 0 9 0 0 0 0
1 37 0 0 3 0 0 6 0 0 0 0 0 0 0
1 45 0 0 0 0 5 6 0 0 0 0 0 0 0
1 6 0 0 0 0 5 0 0 0 9 0 0 0 0
1 61 0 0 3 0 0 0 0 0 9 0 0 0 0
1 135 0 0 3 0 5 0 0 0 0 0 0 0 0
1 190 1 0 0 4 0 0 0 0 0 0 0 0 0
1 414 0 0 3 4 0 0 0 0 0 0 0 0 0
ReaderSumm
1 2 26
Number of reads by data set:        13
Minimum and Maximum Ages:           0   42

total cells  10201
Structure of the data set
Data set # Entries Reader boolean
1 267 1 2 0 0 0 0 0 0 0 0 0 0 0
1 190 0 2 0 0 0 0 0 0 0 0 11 0 0
1 2 0 0 0 0 0 0 0 0 0 0 11 0 0
1 56 0 0 0 0 0 0 7 0 0 0 11 0 0
1 74 0 2 0 0 0 0 7 0 0 0 0 0 0
1 16 0 2 0 0 0 0 0 0 0 0 0 0 0
1 91 1 0 0 0 0 0 0 0 0 0 0 0 13
1 285 1 0 0 0 0 0 0 0 0 10 0 0 0
1 2605 1 0 3 0 0 0 0 0 0 0 0 0 0
1 45 1 0 0 0 0 0 0 8 0 0 0 0 0
1 39 1 0 0 0 0 0 0 0 0 0 0 12 0
1 138 0 0 0 0 0 6 0 0 0 0 0 12 0
1 650 1 0 0 0 0 6 0 0 0 0 0 0 0
1 108 1 0 3 0 5 0 0 0 0 0 0 0 0
1 115 0 0 3 0 5 0 0 0 9 0 0 0 0
1 105 1 0 0 0 0 0 0 0 9 0 0 0 0
1 826 1 0 0 0 5 0 0 0 0 0 0 0 0
1 106 1 0 0 0 5 0 0 0 9 0 0 0 0
1 116 1 0 3 0 0 0 0 0 9 0 0 0 0
1 37 0 0 3 0 0 6 0 0 0 0 0 0 0
1 45 0 0 0 0 5 6 0 0 0 0 0 0 0
1 6 0 0 0 0 5 0 0 0 9 0 0 0 0
1 61 0 0 3 0 0 0 0 0 9 0 0 0 0
1 135 0 0 3 0 5 0 0 0 0 0 0 0 0
1 190 1 0 0 4 0 0 0 0 0 0 0 0 0
1 414 0 0 3 4 0 0 0 0 0 0 0 0 0
ReaderSumm
1 2 26
Number of reads by data set:        13
Minimum and Maximum Ages:           0   42

total cells  10201
Structure of the data set
Data set # Entries Reader boolean
1 5292 1 2
1 876 1 0
ReaderSumm
1 1 2
Number of reads by data set:        2
Minimum and Maximum Ages:           0   72

total cells  101
Structure of the data set
Data set # Entries Reader boolean
1 5292 1 2
ReaderSumm
1 2 1
Number of reads by data set:        2
Minimum and Maximum Ages:           0   64

total cells  10201
Structure of the data set
Data set # Entries Reader boolean
1 5292 1 2
ReaderSumm
1 2 1
Number of reads by data set:        2
Minimum and Maximum Ages:           0   64

total cells  5041
